This file contains any messages produced by compilers while
running configure, to aid debugging if configure makes a mistake.

It was created by SRx configure 0.5.1.0, which was
generated by GNU Autoconf 2.69.  Invocation command line was

  $ ./configure --disable-option-checking --prefix=/opt/project/gobgp_test/gowork/src/srx_grpc/srx/test_install sca_dir=/opt/project/srx_test1/srx/../_inst/ --cache-file=/dev/null --srcdir=. --enable-grpc grpc_dir=/opt/project/gobgp_test/gowork/src/srx_grpc

## --------- ##
## Platform. ##
## --------- ##

hostname = vmware-005.antd.nist.gov
uname -m = x86_64
uname -r = 3.10.0-862.11.6.el7.x86_64
uname -s = Linux
uname -v = #1 SMP Tue Aug 14 21:49:04 UTC 2018

/usr/bin/uname -p = x86_64
/bin/uname -X     = unknown

/bin/arch              = x86_64
/usr/bin/arch -k       = unknown
/usr/convex/getsysinfo = unknown
/usr/bin/hostinfo      = unknown
/bin/machine           = unknown
/usr/bin/oslevel       = unknown
/bin/universe          = unknown

PATH: /bin/
PATH: .
PATH: /opt/GCC281/bin
PATH: /usr/ccs/bin
PATH: .
PATH: /usr/openwin/bin
PATH: /usr/openwin/bin/xview
PATH: /usr/openwin/bin
PATH: /opt/java.1.3/bin
PATH: /usr/bin
PATH: /usr/ccs/bin
PATH: /import/fs1/local/bin
PATH: /import/fs1/local/solaris/bin
PATH: /import/fs1/local/solaris/netscape
PATH: /opt/JBxv/bin
PATH: /bin
PATH: /usr/local/gnu/bin
PATH: /usr/bin
PATH: /usr/ucb
PATH: /usr/local/bin
PATH: /usr/etc
PATH: /usr/local/etc
PATH: /usr/games
PATH: /opt/AEgs/bin
PATH: /opt/GNUgview/bin
PATH: /import/fs1/opt/Acrobat3/bin
PATH: /import/fs1/opt/xfig.3.2.2
PATH: /usr/jdk1.2/bin
PATH: /opt/kde/bin
PATH: /usr/local/sbin
PATH: .
PATH: .
PATH: /itl/links/generic/bin
PATH: /itl/links/gnu/bin
PATH: /itl/links/spro/bin
PATH: /itl/apps/tetex/SunOS-sun4m-5.6/bin
PATH: /itl/apps/generic/man
PATH: /itl/apps/gnu/bin
PATH: /itl/apps/spro/bin
PATH: .
PATH: /opt/gnu/bin
PATH: /usr/sbin
PATH: /sbin
PATH: /usr/lib
PATH: /usr/X11R6/bin
PATH: .
PATH: /users/kyehwanl/pycscope-0.3/build/scripts-2.5/
PATH: /opt/project/gobgp_test/gowork/bin
PATH: /usr/local/go/bin


## ----------- ##
## Core tests. ##
## ----------- ##

configure:2405: checking for a BSD-compatible install
configure:2473: result: /bin//install -c
configure:2484: checking whether build environment is sane
configure:2539: result: yes
configure:2577: WARNING: 'missing' script is too old or missing
configure:2690: checking for a thread-safe mkdir -p
configure:2729: result: /bin//mkdir -p
configure:2736: checking for gawk
configure:2752: found /bin//gawk
configure:2763: result: gawk
configure:2774: checking whether make sets $(MAKE)
configure:2796: result: yes
configure:2825: checking whether make supports nested variables
configure:2842: result: yes
configure:2956: checking build system type
configure:2970: result: x86_64-unknown-linux-gnu
configure:2990: checking host system type
configure:3003: result: x86_64-unknown-linux-gnu
configure:3044: checking how to print strings
configure:3071: result: printf
configure:3104: checking for style of include used by make
configure:3132: result: GNU
configure:3203: checking for gcc
configure:3219: found /bin//gcc
configure:3230: result: gcc
configure:3459: checking for C compiler version
configure:3468: gcc --version >&5
gcc (GCC) 4.8.5 20150623 (Red Hat 4.8.5-36)
Copyright (C) 2015 Free Software Foundation, Inc.
This is free software; see the source for copying conditions.  There is NO
warranty; not even for MERCHANTABILITY or FITNESS FOR A PARTICULAR PURPOSE.

configure:3479: $? = 0
configure:3468: gcc -v >&5
Using built-in specs.
COLLECT_GCC=gcc
COLLECT_LTO_WRAPPER=/usr/libexec/gcc/x86_64-redhat-linux/4.8.5/lto-wrapper
Target: x86_64-redhat-linux
Configured with: ../configure --prefix=/usr --mandir=/usr/share/man --infodir=/usr/share/info --with-bugurl=http://bugzilla.redhat.com/bugzilla --enable-bootstrap --enable-shared --enable-threads=posix --enable-checking=release --with-system-zlib --enable-__cxa_atexit --disable-libunwind-exceptions --enable-gnu-unique-object --enable-linker-build-id --with-linker-hash-style=gnu --enable-languages=c,c++,objc,obj-c++,java,fortran,ada,go,lto --enable-plugin --enable-initfini-array --disable-libgcj --with-isl=/builddir/build/BUILD/gcc-4.8.5-20150702/obj-x86_64-redhat-linux/isl-install --with-cloog=/builddir/build/BUILD/gcc-4.8.5-20150702/obj-x86_64-redhat-linux/cloog-install --enable-gnu-indirect-function --with-tune=generic --with-arch_32=x86-64 --build=x86_64-redhat-linux
Thread model: posix
gcc version 4.8.5 20150623 (Red Hat 4.8.5-36) (GCC) 
configure:3479: $? = 0
configure:3468: gcc -V >&5
gcc: error: unrecognized command line option '-V'
gcc: fatal error: no input files
compilation terminated.
configure:3479: $? = 4
configure:3468: gcc -qversion >&5
gcc: error: unrecognized command line option '-qversion'
gcc: fatal error: no input files
compilation terminated.
configure:3479: $? = 4
configure:3499: checking whether the C compiler works
configure:3521: gcc    conftest.c  >&5
configure:3525: $? = 0
configure:3573: result: yes
configure:3576: checking for C compiler default output file name
configure:3578: result: a.out
configure:3584: checking for suffix of executables
configure:3591: gcc -o conftest    conftest.c  >&5
configure:3595: $? = 0
configure:3617: result: 
configure:3639: checking whether we are cross compiling
configure:3647: gcc -o conftest    conftest.c  >&5
configure:3651: $? = 0
configure:3658: ./conftest
configure:3662: $? = 0
configure:3677: result: no
configure:3682: checking for suffix of object files
configure:3704: gcc -c   conftest.c >&5
configure:3708: $? = 0
configure:3729: result: o
configure:3733: checking whether we are using the GNU C compiler
configure:3752: gcc -c   conftest.c >&5
configure:3752: $? = 0
configure:3761: result: yes
configure:3770: checking whether gcc accepts -g
configure:3790: gcc -c -g  conftest.c >&5
configure:3790: $? = 0
configure:3831: result: yes
configure:3848: checking for gcc option to accept ISO C89
configure:3911: gcc  -c -g -O2  conftest.c >&5
configure:3911: $? = 0
configure:3924: result: none needed
configure:3946: checking dependency style of gcc
configure:4057: result: gcc3
configure:4072: checking for a sed that does not truncate output
configure:4136: result: /bin//sed
configure:4154: checking for grep that handles long lines and -e
configure:4212: result: /bin//grep
configure:4217: checking for egrep
configure:4279: result: /bin//grep -E
configure:4284: checking for fgrep
configure:4346: result: /bin//grep -F
configure:4381: checking for ld used by gcc
configure:4448: result: /bin//ld
configure:4455: checking if the linker (/bin//ld) is GNU ld
configure:4470: result: yes
configure:4482: checking for BSD- or MS-compatible name lister (nm)
configure:4531: result: /bin//nm -B
configure:4661: checking the name lister (/bin//nm -B) interface
configure:4668: gcc -c -g -O2  conftest.c >&5
configure:4671: /bin//nm -B "conftest.o"
configure:4674: output
0000000000000000 B some_variable
configure:4681: result: BSD nm
configure:4684: checking whether ln -s works
configure:4688: result: yes
configure:4696: checking the maximum length of command line arguments
configure:4826: result: 1572864
configure:4843: checking whether the shell understands some XSI constructs
configure:4853: result: yes
configure:4857: checking whether the shell understands "+="
configure:4863: result: yes
configure:4898: checking how to convert x86_64-unknown-linux-gnu file names to x86_64-unknown-linux-gnu format
configure:4938: result: func_convert_file_noop
configure:4945: checking how to convert x86_64-unknown-linux-gnu file names to toolchain format
configure:4965: result: func_convert_file_noop
configure:4972: checking for /bin//ld option to reload object files
configure:4979: result: -r
configure:5053: checking for objdump
configure:5069: found /bin//objdump
configure:5080: result: objdump
configure:5112: checking how to recognize dependent libraries
configure:5314: result: pass_all
configure:5399: checking for dlltool
configure:5429: result: no
configure:5459: checking how to associate runtime and link libraries
configure:5486: result: printf %s\n
configure:5547: checking for ar
configure:5563: found /bin//ar
configure:5574: result: ar
configure:5611: checking for archiver @FILE support
configure:5628: gcc -c -g -O2  conftest.c >&5
configure:5628: $? = 0
configure:5631: ar cru libconftest.a @conftest.lst >&5
configure:5634: $? = 0
configure:5639: ar cru libconftest.a @conftest.lst >&5
ar: conftest.o: No such file or directory
configure:5642: $? = 1
configure:5654: result: @
configure:5712: checking for strip
configure:5728: found /bin//strip
configure:5739: result: strip
configure:5811: checking for ranlib
configure:5827: found /bin//ranlib
configure:5838: result: ranlib
configure:5940: checking command to parse /bin//nm -B output from gcc object
configure:6060: gcc -c -g -O2  conftest.c >&5
configure:6063: $? = 0
configure:6067: /bin//nm -B conftest.o \| sed -n -e 's/^.*[ ]\([ABCDGIRSTW][ABCDGIRSTW]*\)[ ][ ]*\([_A-Za-z][_A-Za-z0-9]*\)$/\1 \2 \2/p' | sed '/ __gnu_lto/d' \> conftest.nm
configure:6070: $? = 0
configure:6136: gcc -o conftest -g -O2   conftest.c conftstm.o >&5
configure:6139: $? = 0
configure:6177: result: ok
configure:6214: checking for sysroot
configure:6244: result: no
configure:6321: gcc -c -g -O2  conftest.c >&5
configure:6324: $? = 0
configure:6500: checking for mt
configure:6530: result: no
configure:6550: checking if : is a manifest tool
configure:6556: : '-?'
configure:6564: result: no
configure:7206: checking how to run the C preprocessor
configure:7237: gcc -E  conftest.c
configure:7237: $? = 0
configure:7251: gcc -E  conftest.c
conftest.c:11:28: fatal error: ac_nonexistent.h: No such file or directory
 #include <ac_nonexistent.h>
                            ^
compilation terminated.
configure:7251: $? = 1
configure: failed program was:
| /* confdefs.h */
| #define PACKAGE_NAME "SRx"
| #define PACKAGE_TARNAME "srx"
| #define PACKAGE_VERSION "0.5.1.0"
| #define PACKAGE_STRING "SRx 0.5.1.0"
| #define PACKAGE_BUGREPORT "bgpsrx-dev@nist.gov"
| #define PACKAGE_URL ""
| #define PACKAGE "srx"
| #define VERSION "0.5.1.0"
| /* end confdefs.h.  */
| #include <ac_nonexistent.h>
configure:7276: result: gcc -E
configure:7296: gcc -E  conftest.c
configure:7296: $? = 0
configure:7310: gcc -E  conftest.c
conftest.c:11:28: fatal error: ac_nonexistent.h: No such file or directory
 #include <ac_nonexistent.h>
                            ^
compilation terminated.
configure:7310: $? = 1
configure: failed program was:
| /* confdefs.h */
| #define PACKAGE_NAME "SRx"
| #define PACKAGE_TARNAME "srx"
| #define PACKAGE_VERSION "0.5.1.0"
| #define PACKAGE_STRING "SRx 0.5.1.0"
| #define PACKAGE_BUGREPORT "bgpsrx-dev@nist.gov"
| #define PACKAGE_URL ""
| #define PACKAGE "srx"
| #define VERSION "0.5.1.0"
| /* end confdefs.h.  */
| #include <ac_nonexistent.h>
configure:7339: checking for ANSI C header files
configure:7359: gcc -c -g -O2  conftest.c >&5
configure:7359: $? = 0
configure:7432: gcc -o conftest -g -O2   conftest.c  >&5
configure:7432: $? = 0
configure:7432: ./conftest
configure:7432: $? = 0
configure:7443: result: yes
configure:7456: checking for sys/types.h
configure:7456: gcc -c -g -O2  conftest.c >&5
configure:7456: $? = 0
configure:7456: result: yes
configure:7456: checking for sys/stat.h
configure:7456: gcc -c -g -O2  conftest.c >&5
configure:7456: $? = 0
configure:7456: result: yes
configure:7456: checking for stdlib.h
configure:7456: gcc -c -g -O2  conftest.c >&5
configure:7456: $? = 0
configure:7456: result: yes
configure:7456: checking for string.h
configure:7456: gcc -c -g -O2  conftest.c >&5
configure:7456: $? = 0
configure:7456: result: yes
configure:7456: checking for memory.h
configure:7456: gcc -c -g -O2  conftest.c >&5
configure:7456: $? = 0
configure:7456: result: yes
configure:7456: checking for strings.h
configure:7456: gcc -c -g -O2  conftest.c >&5
configure:7456: $? = 0
configure:7456: result: yes
configure:7456: checking for inttypes.h
configure:7456: gcc -c -g -O2  conftest.c >&5
configure:7456: $? = 0
configure:7456: result: yes
configure:7456: checking for stdint.h
configure:7456: gcc -c -g -O2  conftest.c >&5
configure:7456: $? = 0
configure:7456: result: yes
configure:7456: checking for unistd.h
configure:7456: gcc -c -g -O2  conftest.c >&5
configure:7456: $? = 0
configure:7456: result: yes
configure:7470: checking for dlfcn.h
configure:7470: gcc -c -g -O2  conftest.c >&5
configure:7470: $? = 0
configure:7470: result: yes
configure:7675: checking for objdir
configure:7690: result: .libs
configure:7961: checking if gcc supports -fno-rtti -fno-exceptions
configure:7979: gcc -c -g -O2  -fno-rtti -fno-exceptions conftest.c >&5
cc1: warning: command line option '-fno-rtti' is valid for C++/ObjC++ but not for C [enabled by default]
configure:7983: $? = 0
configure:7996: result: no
configure:8323: checking for gcc option to produce PIC
configure:8330: result: -fPIC -DPIC
configure:8338: checking if gcc PIC flag -fPIC -DPIC works
configure:8356: gcc -c -g -O2  -fPIC -DPIC -DPIC conftest.c >&5
configure:8360: $? = 0
configure:8373: result: yes
configure:8402: checking if gcc static flag -static works
configure:8430: result: no
configure:8445: checking if gcc supports -c -o file.o
configure:8466: gcc -c -g -O2  -o out/conftest2.o conftest.c >&5
configure:8470: $? = 0
configure:8492: result: yes
configure:8500: checking if gcc supports -c -o file.o
configure:8547: result: yes
configure:8580: checking whether the gcc linker (/bin//ld -m elf_x86_64) supports shared libraries
configure:9733: result: yes
configure:9770: checking whether -lc should be explicitly linked in
configure:9778: gcc -c -g -O2  conftest.c >&5
configure:9781: $? = 0
configure:9796: gcc -shared  -fPIC -DPIC conftest.o  -v -Wl,-soname -Wl,conftest -o conftest 2\>\&1 \| /bin//grep  -lc  \>/dev/null 2\>\&1
configure:9799: $? = 0
configure:9813: result: no
configure:9973: checking dynamic linker characteristics
configure:10484: gcc -o conftest -g -O2   -Wl,-rpath -Wl,/foo conftest.c  >&5
configure:10484: $? = 0
configure:10710: result: GNU/Linux ld.so
configure:10817: checking how to hardcode library paths into programs
configure:10842: result: immediate
configure:10936: checking for shl_load
configure:10936: gcc -o conftest -g -O2   conftest.c  >&5
/tmp/ccHQr1Wc.o: In function `main':
/opt/project/gobgp_test/gowork/src/srx_grpc/srx/src/conftest.c:57: undefined reference to `shl_load'
collect2: error: ld returned 1 exit status
configure:10936: $? = 1
configure: failed program was:
| /* confdefs.h */
| #define PACKAGE_NAME "SRx"
| #define PACKAGE_TARNAME "srx"
| #define PACKAGE_VERSION "0.5.1.0"
| #define PACKAGE_STRING "SRx 0.5.1.0"
| #define PACKAGE_BUGREPORT "bgpsrx-dev@nist.gov"
| #define PACKAGE_URL ""
| #define PACKAGE "srx"
| #define VERSION "0.5.1.0"
| #define STDC_HEADERS 1
| #define HAVE_SYS_TYPES_H 1
| #define HAVE_SYS_STAT_H 1
| #define HAVE_STDLIB_H 1
| #define HAVE_STRING_H 1
| #define HAVE_MEMORY_H 1
| #define HAVE_STRINGS_H 1
| #define HAVE_INTTYPES_H 1
| #define HAVE_STDINT_H 1
| #define HAVE_UNISTD_H 1
| #define HAVE_DLFCN_H 1
| #define LT_OBJDIR ".libs/"
| /* end confdefs.h.  */
| /* Define shl_load to an innocuous variant, in case <limits.h> declares shl_load.
|    For example, HP-UX 11i <limits.h> declares gettimeofday.  */
| #define shl_load innocuous_shl_load
| 
| /* System header to define __stub macros and hopefully few prototypes,
|     which can conflict with char shl_load (); below.
|     Prefer <limits.h> to <assert.h> if __STDC__ is defined, since
|     <limits.h> exists even on freestanding compilers.  */
| 
| #ifdef __STDC__
| # include <limits.h>
| #else
| # include <assert.h>
| #endif
| 
| #undef shl_load
| 
| /* Override any GCC internal prototype to avoid an error.
|    Use char because int might match the return type of a GCC
|    builtin and then its argument prototype would still apply.  */
| #ifdef __cplusplus
| extern "C"
| #endif
| char shl_load ();
| /* The GNU C library defines this for functions which it implements
|     to always fail with ENOSYS.  Some functions are actually named
|     something starting with __ and the normal name is an alias.  */
| #if defined __stub_shl_load || defined __stub___shl_load
| choke me
| #endif
| 
| int
| main ()
| {
| return shl_load ();
|   ;
|   return 0;
| }
configure:10936: result: no
configure:10940: checking for shl_load in -ldld
configure:10965: gcc -o conftest -g -O2   conftest.c -ldld   >&5
/bin/ld: cannot find -ldld
collect2: error: ld returned 1 exit status
configure:10965: $? = 1
configure: failed program was:
| /* confdefs.h */
| #define PACKAGE_NAME "SRx"
| #define PACKAGE_TARNAME "srx"
| #define PACKAGE_VERSION "0.5.1.0"
| #define PACKAGE_STRING "SRx 0.5.1.0"
| #define PACKAGE_BUGREPORT "bgpsrx-dev@nist.gov"
| #define PACKAGE_URL ""
| #define PACKAGE "srx"
| #define VERSION "0.5.1.0"
| #define STDC_HEADERS 1
| #define HAVE_SYS_TYPES_H 1
| #define HAVE_SYS_STAT_H 1
| #define HAVE_STDLIB_H 1
| #define HAVE_STRING_H 1
| #define HAVE_MEMORY_H 1
| #define HAVE_STRINGS_H 1
| #define HAVE_INTTYPES_H 1
| #define HAVE_STDINT_H 1
| #define HAVE_UNISTD_H 1
| #define HAVE_DLFCN_H 1
| #define LT_OBJDIR ".libs/"
| /* end confdefs.h.  */
| 
| /* Override any GCC internal prototype to avoid an error.
|    Use char because int might match the return type of a GCC
|    builtin and then its argument prototype would still apply.  */
| #ifdef __cplusplus
| extern "C"
| #endif
| char shl_load ();
| int
| main ()
| {
| return shl_load ();
|   ;
|   return 0;
| }
configure:10974: result: no
configure:10979: checking for dlopen
configure:10979: gcc -o conftest -g -O2   conftest.c  >&5
/tmp/ccXCuiOl.o: In function `main':
/opt/project/gobgp_test/gowork/src/srx_grpc/srx/src/conftest.c:57: undefined reference to `dlopen'
collect2: error: ld returned 1 exit status
configure:10979: $? = 1
configure: failed program was:
| /* confdefs.h */
| #define PACKAGE_NAME "SRx"
| #define PACKAGE_TARNAME "srx"
| #define PACKAGE_VERSION "0.5.1.0"
| #define PACKAGE_STRING "SRx 0.5.1.0"
| #define PACKAGE_BUGREPORT "bgpsrx-dev@nist.gov"
| #define PACKAGE_URL ""
| #define PACKAGE "srx"
| #define VERSION "0.5.1.0"
| #define STDC_HEADERS 1
| #define HAVE_SYS_TYPES_H 1
| #define HAVE_SYS_STAT_H 1
| #define HAVE_STDLIB_H 1
| #define HAVE_STRING_H 1
| #define HAVE_MEMORY_H 1
| #define HAVE_STRINGS_H 1
| #define HAVE_INTTYPES_H 1
| #define HAVE_STDINT_H 1
| #define HAVE_UNISTD_H 1
| #define HAVE_DLFCN_H 1
| #define LT_OBJDIR ".libs/"
| /* end confdefs.h.  */
| /* Define dlopen to an innocuous variant, in case <limits.h> declares dlopen.
|    For example, HP-UX 11i <limits.h> declares gettimeofday.  */
| #define dlopen innocuous_dlopen
| 
| /* System header to define __stub macros and hopefully few prototypes,
|     which can conflict with char dlopen (); below.
|     Prefer <limits.h> to <assert.h> if __STDC__ is defined, since
|     <limits.h> exists even on freestanding compilers.  */
| 
| #ifdef __STDC__
| # include <limits.h>
| #else
| # include <assert.h>
| #endif
| 
| #undef dlopen
| 
| /* Override any GCC internal prototype to avoid an error.
|    Use char because int might match the return type of a GCC
|    builtin and then its argument prototype would still apply.  */
| #ifdef __cplusplus
| extern "C"
| #endif
| char dlopen ();
| /* The GNU C library defines this for functions which it implements
|     to always fail with ENOSYS.  Some functions are actually named
|     something starting with __ and the normal name is an alias.  */
| #if defined __stub_dlopen || defined __stub___dlopen
| choke me
| #endif
| 
| int
| main ()
| {
| return dlopen ();
|   ;
|   return 0;
| }
configure:10979: result: no
configure:10983: checking for dlopen in -ldl
configure:11008: gcc -o conftest -g -O2   conftest.c -ldl   >&5
configure:11008: $? = 0
configure:11017: result: yes
configure:11136: checking whether a program can dlopen itself
configure:11216: gcc -o conftest -g -O2  -DHAVE_DLFCN_H  -Wl,--export-dynamic conftest.c -ldl  >&5
configure:11219: $? = 0
configure:11237: result: yes
configure:11242: checking whether a statically linked program can dlopen itself
configure:11322: gcc -o conftest -g -O2  -DHAVE_DLFCN_H  -Wl,--export-dynamic  conftest.c -ldl  >&5
configure:11325: $? = 0
configure:11343: result: yes
configure:11382: checking whether stripping libraries is possible
configure:11387: result: yes
configure:11422: checking if libtool supports shared libraries
configure:11424: result: yes
configure:11427: checking whether to build shared libraries
configure:11448: result: yes
configure:11451: checking whether to build static libraries
configure:11455: result: yes
configure:11573: checking for gcc
configure:11600: result: gcc
configure:11829: checking for C compiler version
configure:11838: gcc --version >&5
gcc (GCC) 4.8.5 20150623 (Red Hat 4.8.5-36)
Copyright (C) 2015 Free Software Foundation, Inc.
This is free software; see the source for copying conditions.  There is NO
warranty; not even for MERCHANTABILITY or FITNESS FOR A PARTICULAR PURPOSE.

configure:11849: $? = 0
configure:11838: gcc -v >&5
Using built-in specs.
COLLECT_GCC=gcc
COLLECT_LTO_WRAPPER=/usr/libexec/gcc/x86_64-redhat-linux/4.8.5/lto-wrapper
Target: x86_64-redhat-linux
Configured with: ../configure --prefix=/usr --mandir=/usr/share/man --infodir=/usr/share/info --with-bugurl=http://bugzilla.redhat.com/bugzilla --enable-bootstrap --enable-shared --enable-threads=posix --enable-checking=release --with-system-zlib --enable-__cxa_atexit --disable-libunwind-exceptions --enable-gnu-unique-object --enable-linker-build-id --with-linker-hash-style=gnu --enable-languages=c,c++,objc,obj-c++,java,fortran,ada,go,lto --enable-plugin --enable-initfini-array --disable-libgcj --with-isl=/builddir/build/BUILD/gcc-4.8.5-20150702/obj-x86_64-redhat-linux/isl-install --with-cloog=/builddir/build/BUILD/gcc-4.8.5-20150702/obj-x86_64-redhat-linux/cloog-install --enable-gnu-indirect-function --with-tune=generic --with-arch_32=x86-64 --build=x86_64-redhat-linux
Thread model: posix
gcc version 4.8.5 20150623 (Red Hat 4.8.5-36) (GCC) 
configure:11849: $? = 0
configure:11838: gcc -V >&5
gcc: error: unrecognized command line option '-V'
gcc: fatal error: no input files
compilation terminated.
configure:11849: $? = 4
configure:11838: gcc -qversion >&5
gcc: error: unrecognized command line option '-qversion'
gcc: fatal error: no input files
compilation terminated.
configure:11849: $? = 4
configure:11853: checking whether we are using the GNU C compiler
configure:11881: result: yes
configure:11890: checking whether gcc accepts -g
configure:11951: result: yes
configure:11968: checking for gcc option to accept ISO C89
configure:12044: result: none needed
configure:12066: checking dependency style of gcc
configure:12177: result: gcc3
configure:12193: checking whether make sets $(MAKE)
configure:12215: result: yes
configure:12233: checking host architecture information
configure:12241: result: 64 bit
configure:12281: checking whether .a and .la libraries will be added to rpm distribution
configure:12291: result: no
configure:12305: checking whether argument 'patricia_dir' is provided
configure:12309: result: no
configure:12330: checking whether argument 'sca_dir' is provided
configure:12337: result: yes
configure:12385: checking for custom SRxCryptoAPI location
configure:12392: result: available
configure:12401: checking for library SRxCryptoAPI V3
configure:12410: result: -lSRxCryptoAPI
configure:12457: checking /opt/project/srx_test1/srx/../_inst//include/srx/srxcryptoapi.h usability
configure:12457: gcc -c -g -O2  conftest.c >&5
configure:12457: $? = 0
configure:12457: result: yes
configure:12457: checking /opt/project/srx_test1/srx/../_inst//include/srx/srxcryptoapi.h presence
configure:12457: gcc -E  conftest.c
configure:12457: $? = 0
configure:12457: result: yes
configure:12457: checking for /opt/project/srx_test1/srx/../_inst//include/srx/srxcryptoapi.h
configure:12457: result: yes
configure:12542: checking for library containing config_init
configure:12573: gcc -o conftest -g -O2   conftest.c  >&5
/tmp/ccPyrLSD.o: In function `main':
/opt/project/gobgp_test/gowork/src/srx_grpc/srx/src/conftest.c:35: undefined reference to `config_init'
collect2: error: ld returned 1 exit status
configure:12573: $? = 1
configure: failed program was:
| /* confdefs.h */
| #define PACKAGE_NAME "SRx"
| #define PACKAGE_TARNAME "srx"
| #define PACKAGE_VERSION "0.5.1.0"
| #define PACKAGE_STRING "SRx 0.5.1.0"
| #define PACKAGE_BUGREPORT "bgpsrx-dev@nist.gov"
| #define PACKAGE_URL ""
| #define PACKAGE "srx"
| #define VERSION "0.5.1.0"
| #define STDC_HEADERS 1
| #define HAVE_SYS_TYPES_H 1
| #define HAVE_SYS_STAT_H 1
| #define HAVE_STDLIB_H 1
| #define HAVE_STRING_H 1
| #define HAVE_MEMORY_H 1
| #define HAVE_STRINGS_H 1
| #define HAVE_INTTYPES_H 1
| #define HAVE_STDINT_H 1
| #define HAVE_UNISTD_H 1
| #define HAVE_DLFCN_H 1
| #define LT_OBJDIR ".libs/"
| #define HAVE__OPT_PROJECT_SRX_TEST1_SRX_____INST__INCLUDE_SRX_SRXCRYPTOAPI_H 1
| /* end confdefs.h.  */
| 
| /* Override any GCC internal prototype to avoid an error.
|    Use char because int might match the return type of a GCC
|    builtin and then its argument prototype would still apply.  */
| #ifdef __cplusplus
| extern "C"
| #endif
| char config_init ();
| int
| main ()
| {
| return config_init ();
|   ;
|   return 0;
| }
configure:12573: gcc -o conftest -g -O2   conftest.c -lconfig   >&5
configure:12573: $? = 0
configure:12590: result: -lconfig
configure:12610: checking for libconfig int type
configure:12620: result: int
configure:12631: checking for library containing dlerror
configure:12662: gcc -o conftest -g -O2 -DLCONFIG_INT=int   conftest.c -lconfig  >&5
/tmp/cc8kUPAQ.o: In function `main':
/opt/project/gobgp_test/gowork/src/srx_grpc/srx/src/conftest.c:35: undefined reference to `dlerror'
collect2: error: ld returned 1 exit status
configure:12662: $? = 1
configure: failed program was:
| /* confdefs.h */
| #define PACKAGE_NAME "SRx"
| #define PACKAGE_TARNAME "srx"
| #define PACKAGE_VERSION "0.5.1.0"
| #define PACKAGE_STRING "SRx 0.5.1.0"
| #define PACKAGE_BUGREPORT "bgpsrx-dev@nist.gov"
| #define PACKAGE_URL ""
| #define PACKAGE "srx"
| #define VERSION "0.5.1.0"
| #define STDC_HEADERS 1
| #define HAVE_SYS_TYPES_H 1
| #define HAVE_SYS_STAT_H 1
| #define HAVE_STDLIB_H 1
| #define HAVE_STRING_H 1
| #define HAVE_MEMORY_H 1
| #define HAVE_STRINGS_H 1
| #define HAVE_INTTYPES_H 1
| #define HAVE_STDINT_H 1
| #define HAVE_UNISTD_H 1
| #define HAVE_DLFCN_H 1
| #define LT_OBJDIR ".libs/"
| #define HAVE__OPT_PROJECT_SRX_TEST1_SRX_____INST__INCLUDE_SRX_SRXCRYPTOAPI_H 1
| /* end confdefs.h.  */
| 
| /* Override any GCC internal prototype to avoid an error.
|    Use char because int might match the return type of a GCC
|    builtin and then its argument prototype would still apply.  */
| #ifdef __cplusplus
| extern "C"
| #endif
| char dlerror ();
| int
| main ()
| {
| return dlerror ();
|   ;
|   return 0;
| }
configure:12662: gcc -o conftest -g -O2 -DLCONFIG_INT=int   conftest.c -ldl  -lconfig  >&5
configure:12662: $? = 0
configure:12679: result: -ldl
configure:12697: checking for library containing clock_gettime
configure:12728: gcc -o conftest -g -O2 -DLCONFIG_INT=int   conftest.c -ldl -lconfig  >&5
configure:12728: $? = 0
configure:12745: result: none required
configure:12762: checking for library containing write_history
configure:12793: gcc -o conftest -g -O2 -DLCONFIG_INT=int   conftest.c -ldl -lconfig  >&5
/tmp/cc2frZo1.o: In function `main':
/opt/project/gobgp_test/gowork/src/srx_grpc/srx/src/conftest.c:35: undefined reference to `write_history'
collect2: error: ld returned 1 exit status
configure:12793: $? = 1
configure: failed program was:
| /* confdefs.h */
| #define PACKAGE_NAME "SRx"
| #define PACKAGE_TARNAME "srx"
| #define PACKAGE_VERSION "0.5.1.0"
| #define PACKAGE_STRING "SRx 0.5.1.0"
| #define PACKAGE_BUGREPORT "bgpsrx-dev@nist.gov"
| #define PACKAGE_URL ""
| #define PACKAGE "srx"
| #define VERSION "0.5.1.0"
| #define STDC_HEADERS 1
| #define HAVE_SYS_TYPES_H 1
| #define HAVE_SYS_STAT_H 1
| #define HAVE_STDLIB_H 1
| #define HAVE_STRING_H 1
| #define HAVE_MEMORY_H 1
| #define HAVE_STRINGS_H 1
| #define HAVE_INTTYPES_H 1
| #define HAVE_STDINT_H 1
| #define HAVE_UNISTD_H 1
| #define HAVE_DLFCN_H 1
| #define LT_OBJDIR ".libs/"
| #define HAVE__OPT_PROJECT_SRX_TEST1_SRX_____INST__INCLUDE_SRX_SRXCRYPTOAPI_H 1
| /* end confdefs.h.  */
| 
| /* Override any GCC internal prototype to avoid an error.
|    Use char because int might match the return type of a GCC
|    builtin and then its argument prototype would still apply.  */
| #ifdef __cplusplus
| extern "C"
| #endif
| char write_history ();
| int
| main ()
| {
| return write_history ();
|   ;
|   return 0;
| }
configure:12793: gcc -o conftest -g -O2 -DLCONFIG_INT=int   conftest.c -lreadline  -ldl -lconfig  >&5
configure:12793: $? = 0
configure:12810: result: -lreadline
configure:12828: checking for library containing pthread_create
configure:12859: gcc -o conftest -g -O2 -DLCONFIG_INT=int   conftest.c -lreadline -ldl -lconfig  >&5
/tmp/ccy9KqcZ.o: In function `main':
/opt/project/gobgp_test/gowork/src/srx_grpc/srx/src/conftest.c:35: undefined reference to `pthread_create'
collect2: error: ld returned 1 exit status
configure:12859: $? = 1
configure: failed program was:
| /* confdefs.h */
| #define PACKAGE_NAME "SRx"
| #define PACKAGE_TARNAME "srx"
| #define PACKAGE_VERSION "0.5.1.0"
| #define PACKAGE_STRING "SRx 0.5.1.0"
| #define PACKAGE_BUGREPORT "bgpsrx-dev@nist.gov"
| #define PACKAGE_URL ""
| #define PACKAGE "srx"
| #define VERSION "0.5.1.0"
| #define STDC_HEADERS 1
| #define HAVE_SYS_TYPES_H 1
| #define HAVE_SYS_STAT_H 1
| #define HAVE_STDLIB_H 1
| #define HAVE_STRING_H 1
| #define HAVE_MEMORY_H 1
| #define HAVE_STRINGS_H 1
| #define HAVE_INTTYPES_H 1
| #define HAVE_STDINT_H 1
| #define HAVE_UNISTD_H 1
| #define HAVE_DLFCN_H 1
| #define LT_OBJDIR ".libs/"
| #define HAVE__OPT_PROJECT_SRX_TEST1_SRX_____INST__INCLUDE_SRX_SRXCRYPTOAPI_H 1
| /* end confdefs.h.  */
| 
| /* Override any GCC internal prototype to avoid an error.
|    Use char because int might match the return type of a GCC
|    builtin and then its argument prototype would still apply.  */
| #ifdef __cplusplus
| extern "C"
| #endif
| char pthread_create ();
| int
| main ()
| {
| return pthread_create ();
|   ;
|   return 0;
| }
configure:12859: gcc -o conftest -g -O2 -DLCONFIG_INT=int   conftest.c -lpthread  -lreadline -ldl -lconfig  >&5
configure:12859: $? = 0
configure:12876: result: -lpthread
configure:12936: checking whether file '/opt/project/gobgp_test/gowork/src/srx_grpc/srx/src/../extras/files/Net-Patricia-1.15.tar.gz' exists
configure:12939: result: yes
configure:12942: checking whether file '/opt/project/gobgp_test/gowork/src/srx_grpc/srx/src/../extras/files/Net-Patricia-1.15-fixes-20100513.patch' exists
configure:12945: result: yes
configure:12948: checking whether file '/opt/project/gobgp_test/gowork/src/srx_grpc/srx/src/../extras/make-lp.sh' exists
configure:12951: result: yes
configure:12955: building libpatricia
configure:12959: checking whether library 'libpatricia.a' is created
configure:12965: result: yes
configure:13014: checking whether test tools have to be generated
configure:13029: result: 
configure:13056: checking checking to see if grpc is enabled
configure:13059: result: yes
configure:13114: checking assert.h usability
configure:13114: gcc -c -I/opt/project/gobgp_test/gowork/src/srx_grpc/srx/src/../extras/local/include -g -O2 -DLCONFIG_INT=int  conftest.c >&5
configure:13114: $? = 0
configure:13114: result: yes
configure:13114: checking assert.h presence
configure:13114: gcc -E  conftest.c
configure:13114: $? = 0
configure:13114: result: yes
configure:13114: checking for assert.h
configure:13114: result: yes
configure:13114: checking ctype.h usability
configure:13114: gcc -c -I/opt/project/gobgp_test/gowork/src/srx_grpc/srx/src/../extras/local/include -g -O2 -DLCONFIG_INT=int  conftest.c >&5
configure:13114: $? = 0
configure:13114: result: yes
configure:13114: checking ctype.h presence
configure:13114: gcc -E  conftest.c
configure:13114: $? = 0
configure:13114: result: yes
configure:13114: checking for ctype.h
configure:13114: result: yes
configure:13114: checking for dlfcn.h
configure:13114: result: yes
configure:13114: checking errno.h usability
configure:13114: gcc -c -I/opt/project/gobgp_test/gowork/src/srx_grpc/srx/src/../extras/local/include -g -O2 -DLCONFIG_INT=int  conftest.c >&5
configure:13114: $? = 0
configure:13114: result: yes
configure:13114: checking errno.h presence
configure:13114: gcc -E  conftest.c
configure:13114: $? = 0
configure:13114: result: yes
configure:13114: checking for errno.h
configure:13114: result: yes
configure:13114: checking fcntl.h usability
configure:13114: gcc -c -I/opt/project/gobgp_test/gowork/src/srx_grpc/srx/src/../extras/local/include -g -O2 -DLCONFIG_INT=int  conftest.c >&5
configure:13114: $? = 0
configure:13114: result: yes
configure:13114: checking fcntl.h presence
configure:13114: gcc -E  conftest.c
configure:13114: $? = 0
configure:13114: result: yes
configure:13114: checking for fcntl.h
configure:13114: result: yes
configure:13114: checking getopt.h usability
configure:13114: gcc -c -I/opt/project/gobgp_test/gowork/src/srx_grpc/srx/src/../extras/local/include -g -O2 -DLCONFIG_INT=int  conftest.c >&5
configure:13114: $? = 0
configure:13114: result: yes
configure:13114: checking getopt.h presence
configure:13114: gcc -E  conftest.c
configure:13114: $? = 0
configure:13114: result: yes
configure:13114: checking for getopt.h
configure:13114: result: yes
configure:13114: checking malloc.h usability
configure:13114: gcc -c -I/opt/project/gobgp_test/gowork/src/srx_grpc/srx/src/../extras/local/include -g -O2 -DLCONFIG_INT=int  conftest.c >&5
configure:13114: $? = 0
configure:13114: result: yes
configure:13114: checking malloc.h presence
configure:13114: gcc -E  conftest.c
configure:13114: $? = 0
configure:13114: result: yes
configure:13114: checking for malloc.h
configure:13114: result: yes
configure:13114: checking netdb.h usability
configure:13114: gcc -c -I/opt/project/gobgp_test/gowork/src/srx_grpc/srx/src/../extras/local/include -g -O2 -DLCONFIG_INT=int  conftest.c >&5
configure:13114: $? = 0
configure:13114: result: yes
configure:13114: checking netdb.h presence
configure:13114: gcc -E  conftest.c
configure:13114: $? = 0
configure:13114: result: yes
configure:13114: checking for netdb.h
configure:13114: result: yes
configure:13114: checking patricia.h usability
configure:13114: gcc -c -I/opt/project/gobgp_test/gowork/src/srx_grpc/srx/src/../extras/local/include -g -O2 -DLCONFIG_INT=int  conftest.c >&5
configure:13114: $? = 0
configure:13114: result: yes
configure:13114: checking patricia.h presence
configure:13114: gcc -E  conftest.c
conftest.c:34:22: fatal error: patricia.h: No such file or directory
 #include <patricia.h>
                      ^
compilation terminated.
configure:13114: $? = 1
configure: failed program was:
| /* confdefs.h */
| #define PACKAGE_NAME "SRx"
| #define PACKAGE_TARNAME "srx"
| #define PACKAGE_VERSION "0.5.1.0"
| #define PACKAGE_STRING "SRx 0.5.1.0"
| #define PACKAGE_BUGREPORT "bgpsrx-dev@nist.gov"
| #define PACKAGE_URL ""
| #define PACKAGE "srx"
| #define VERSION "0.5.1.0"
| #define STDC_HEADERS 1
| #define HAVE_SYS_TYPES_H 1
| #define HAVE_SYS_STAT_H 1
| #define HAVE_STDLIB_H 1
| #define HAVE_STRING_H 1
| #define HAVE_MEMORY_H 1
| #define HAVE_STRINGS_H 1
| #define HAVE_INTTYPES_H 1
| #define HAVE_STDINT_H 1
| #define HAVE_UNISTD_H 1
| #define HAVE_DLFCN_H 1
| #define LT_OBJDIR ".libs/"
| #define HAVE__OPT_PROJECT_SRX_TEST1_SRX_____INST__INCLUDE_SRX_SRXCRYPTOAPI_H 1
| #define _REENTRANT /**/
| #define USE_GRPC /**/
| #define HAVE_ASSERT_H 1
| #define HAVE_CTYPE_H 1
| #define HAVE_DLFCN_H 1
| #define HAVE_ERRNO_H 1
| #define HAVE_FCNTL_H 1
| #define HAVE_GETOPT_H 1
| #define HAVE_MALLOC_H 1
| #define HAVE_NETDB_H 1
| /* end confdefs.h.  */
| #include <patricia.h>
configure:13114: result: no
configure:13114: WARNING: patricia.h: accepted by the compiler, rejected by the preprocessor!
configure:13114: WARNING: patricia.h: proceeding with the compiler's result
configure:13114: checking for patricia.h
configure:13114: result: yes
configure:13114: checking pthread.h usability
configure:13114: gcc -c -I/opt/project/gobgp_test/gowork/src/srx_grpc/srx/src/../extras/local/include -g -O2 -DLCONFIG_INT=int  conftest.c >&5
configure:13114: $? = 0
configure:13114: result: yes
configure:13114: checking pthread.h presence
configure:13114: gcc -E  conftest.c
configure:13114: $? = 0
configure:13114: result: yes
configure:13114: checking for pthread.h
configure:13114: result: yes
configure:13114: checking semaphore.h usability
configure:13114: gcc -c -I/opt/project/gobgp_test/gowork/src/srx_grpc/srx/src/../extras/local/include -g -O2 -DLCONFIG_INT=int  conftest.c >&5
configure:13114: $? = 0
configure:13114: result: yes
configure:13114: checking semaphore.h presence
configure:13114: gcc -E  conftest.c
configure:13114: $? = 0
configure:13114: result: yes
configure:13114: checking for semaphore.h
configure:13114: result: yes
configure:13114: checking signal.h usability
configure:13114: gcc -c -I/opt/project/gobgp_test/gowork/src/srx_grpc/srx/src/../extras/local/include -g -O2 -DLCONFIG_INT=int  conftest.c >&5
configure:13114: $? = 0
configure:13114: result: yes
configure:13114: checking signal.h presence
configure:13114: gcc -E  conftest.c
configure:13114: $? = 0
configure:13114: result: yes
configure:13114: checking for signal.h
configure:13114: result: yes
configure:13114: checking stdarg.h usability
configure:13114: gcc -c -I/opt/project/gobgp_test/gowork/src/srx_grpc/srx/src/../extras/local/include -g -O2 -DLCONFIG_INT=int  conftest.c >&5
configure:13114: $? = 0
configure:13114: result: yes
configure:13114: checking stdarg.h presence
configure:13114: gcc -E  conftest.c
configure:13114: $? = 0
configure:13114: result: yes
configure:13114: checking for stdarg.h
configure:13114: result: yes
configure:13114: checking stdbool.h usability
configure:13114: gcc -c -I/opt/project/gobgp_test/gowork/src/srx_grpc/srx/src/../extras/local/include -g -O2 -DLCONFIG_INT=int  conftest.c >&5
configure:13114: $? = 0
configure:13114: result: yes
configure:13114: checking stdbool.h presence
configure:13114: gcc -E  conftest.c
configure:13114: $? = 0
configure:13114: result: yes
configure:13114: checking for stdbool.h
configure:13114: result: yes
configure:13114: checking for stdint.h
configure:13114: result: yes
configure:13114: checking stdio.h usability
configure:13114: gcc -c -I/opt/project/gobgp_test/gowork/src/srx_grpc/srx/src/../extras/local/include -g -O2 -DLCONFIG_INT=int  conftest.c >&5
configure:13114: $? = 0
configure:13114: result: yes
configure:13114: checking stdio.h presence
configure:13114: gcc -E  conftest.c
configure:13114: $? = 0
configure:13114: result: yes
configure:13114: checking for stdio.h
configure:13114: result: yes
configure:13114: checking for stdlib.h
configure:13114: result: yes
configure:13114: checking for string.h
configure:13114: result: yes
configure:13114: checking syslog.h usability
configure:13114: gcc -c -I/opt/project/gobgp_test/gowork/src/srx_grpc/srx/src/../extras/local/include -g -O2 -DLCONFIG_INT=int  conftest.c >&5
configure:13114: $? = 0
configure:13114: result: yes
configure:13114: checking syslog.h presence
configure:13114: gcc -E  conftest.c
configure:13114: $? = 0
configure:13114: result: yes
configure:13114: checking for syslog.h
configure:13114: result: yes
configure:13114: checking time.h usability
configure:13114: gcc -c -I/opt/project/gobgp_test/gowork/src/srx_grpc/srx/src/../extras/local/include -g -O2 -DLCONFIG_INT=int  conftest.c >&5
configure:13114: $? = 0
configure:13114: result: yes
configure:13114: checking time.h presence
configure:13114: gcc -E  conftest.c
configure:13114: $? = 0
configure:13114: result: yes
configure:13114: checking for time.h
configure:13114: result: yes
configure:13114: checking for unistd.h
configure:13114: result: yes
configure:13114: checking uthash.h usability
configure:13114: gcc -c -I/opt/project/gobgp_test/gowork/src/srx_grpc/srx/src/../extras/local/include -g -O2 -DLCONFIG_INT=int  conftest.c >&5
configure:13114: $? = 0
configure:13114: result: yes
configure:13114: checking uthash.h presence
configure:13114: gcc -E  conftest.c
configure:13114: $? = 0
configure:13114: result: yes
configure:13114: checking for uthash.h
configure:13114: result: yes
configure:13114: checking arpa/inet.h usability
configure:13114: gcc -c -I/opt/project/gobgp_test/gowork/src/srx_grpc/srx/src/../extras/local/include -g -O2 -DLCONFIG_INT=int  conftest.c >&5
configure:13114: $? = 0
configure:13114: result: yes
configure:13114: checking arpa/inet.h presence
configure:13114: gcc -E  conftest.c
configure:13114: $? = 0
configure:13114: result: yes
configure:13114: checking for arpa/inet.h
configure:13114: result: yes
configure:13114: checking netinet/in.h usability
configure:13114: gcc -c -I/opt/project/gobgp_test/gowork/src/srx_grpc/srx/src/../extras/local/include -g -O2 -DLCONFIG_INT=int  conftest.c >&5
configure:13114: $? = 0
configure:13114: result: yes
configure:13114: checking netinet/in.h presence
configure:13114: gcc -E  conftest.c
configure:13114: $? = 0
configure:13114: result: yes
configure:13114: checking for netinet/in.h
configure:13114: result: yes
configure:13114: checking netinet/tcp.h usability
configure:13114: gcc -c -I/opt/project/gobgp_test/gowork/src/srx_grpc/srx/src/../extras/local/include -g -O2 -DLCONFIG_INT=int  conftest.c >&5
configure:13114: $? = 0
configure:13114: result: yes
configure:13114: checking netinet/tcp.h presence
configure:13114: gcc -E  conftest.c
configure:13114: $? = 0
configure:13114: result: yes
configure:13114: checking for netinet/tcp.h
configure:13114: result: yes
configure:13114: checking readline/history.h usability
configure:13114: gcc -c -I/opt/project/gobgp_test/gowork/src/srx_grpc/srx/src/../extras/local/include -g -O2 -DLCONFIG_INT=int  conftest.c >&5
configure:13114: $? = 0
configure:13114: result: yes
configure:13114: checking readline/history.h presence
configure:13114: gcc -E  conftest.c
configure:13114: $? = 0
configure:13114: result: yes
configure:13114: checking for readline/history.h
configure:13114: result: yes
configure:13114: checking readline/readline.h usability
configure:13114: gcc -c -I/opt/project/gobgp_test/gowork/src/srx_grpc/srx/src/../extras/local/include -g -O2 -DLCONFIG_INT=int  conftest.c >&5
configure:13114: $? = 0
configure:13114: result: yes
configure:13114: checking readline/readline.h presence
configure:13114: gcc -E  conftest.c
configure:13114: $? = 0
configure:13114: result: yes
configure:13114: checking for readline/readline.h
configure:13114: result: yes
configure:13114: checking sys/socket.h usability
configure:13114: gcc -c -I/opt/project/gobgp_test/gowork/src/srx_grpc/srx/src/../extras/local/include -g -O2 -DLCONFIG_INT=int  conftest.c >&5
configure:13114: $? = 0
configure:13114: result: yes
configure:13114: checking sys/socket.h presence
configure:13114: gcc -E  conftest.c
configure:13114: $? = 0
configure:13114: result: yes
configure:13114: checking for sys/socket.h
configure:13114: result: yes
configure:13114: checking sys/time.h usability
configure:13114: gcc -c -I/opt/project/gobgp_test/gowork/src/srx_grpc/srx/src/../extras/local/include -g -O2 -DLCONFIG_INT=int  conftest.c >&5
configure:13114: $? = 0
configure:13114: result: yes
configure:13114: checking sys/time.h presence
configure:13114: gcc -E  conftest.c
configure:13114: $? = 0
configure:13114: result: yes
configure:13114: checking for sys/time.h
configure:13114: result: yes
configure:13114: checking for sys/types.h
configure:13114: result: yes
configure:13114: checking sys/un.h usability
configure:13114: gcc -c -I/opt/project/gobgp_test/gowork/src/srx_grpc/srx/src/../extras/local/include -g -O2 -DLCONFIG_INT=int  conftest.c >&5
configure:13114: $? = 0
configure:13114: result: yes
configure:13114: checking sys/un.h presence
configure:13114: gcc -E  conftest.c
configure:13114: $? = 0
configure:13114: result: yes
configure:13114: checking for sys/un.h
configure:13114: result: yes
configure:13134: checking for stdbool.h that conforms to C99
configure:13208: result: yes
configure:13210: checking for _Bool
configure:13210: gcc -c -I/opt/project/gobgp_test/gowork/src/srx_grpc/srx/src/../extras/local/include -g -O2 -DLCONFIG_INT=int  conftest.c >&5
configure:13210: $? = 0
configure:13210: gcc -c -I/opt/project/gobgp_test/gowork/src/srx_grpc/srx/src/../extras/local/include -g -O2 -DLCONFIG_INT=int  conftest.c >&5
conftest.c: In function 'main':
conftest.c:93:20: error: expected expression before ')' token
 if (sizeof ((_Bool)))
                    ^
configure:13210: $? = 1
configure: failed program was:
| /* confdefs.h */
| #define PACKAGE_NAME "SRx"
| #define PACKAGE_TARNAME "srx"
| #define PACKAGE_VERSION "0.5.1.0"
| #define PACKAGE_STRING "SRx 0.5.1.0"
| #define PACKAGE_BUGREPORT "bgpsrx-dev@nist.gov"
| #define PACKAGE_URL ""
| #define PACKAGE "srx"
| #define VERSION "0.5.1.0"
| #define STDC_HEADERS 1
| #define HAVE_SYS_TYPES_H 1
| #define HAVE_SYS_STAT_H 1
| #define HAVE_STDLIB_H 1
| #define HAVE_STRING_H 1
| #define HAVE_MEMORY_H 1
| #define HAVE_STRINGS_H 1
| #define HAVE_INTTYPES_H 1
| #define HAVE_STDINT_H 1
| #define HAVE_UNISTD_H 1
| #define HAVE_DLFCN_H 1
| #define LT_OBJDIR ".libs/"
| #define HAVE__OPT_PROJECT_SRX_TEST1_SRX_____INST__INCLUDE_SRX_SRXCRYPTOAPI_H 1
| #define _REENTRANT /**/
| #define USE_GRPC /**/
| #define HAVE_ASSERT_H 1
| #define HAVE_CTYPE_H 1
| #define HAVE_DLFCN_H 1
| #define HAVE_ERRNO_H 1
| #define HAVE_FCNTL_H 1
| #define HAVE_GETOPT_H 1
| #define HAVE_MALLOC_H 1
| #define HAVE_NETDB_H 1
| #define HAVE_PATRICIA_H 1
| #define HAVE_PTHREAD_H 1
| #define HAVE_SEMAPHORE_H 1
| #define HAVE_SIGNAL_H 1
| #define HAVE_STDARG_H 1
| #define HAVE_STDBOOL_H 1
| #define HAVE_STDINT_H 1
| #define HAVE_STDIO_H 1
| #define HAVE_STDLIB_H 1
| #define HAVE_STRING_H 1
| #define HAVE_SYSLOG_H 1
| #define HAVE_TIME_H 1
| #define HAVE_UNISTD_H 1
| #define HAVE_UTHASH_H 1
| #define HAVE_ARPA_INET_H 1
| #define HAVE_NETINET_IN_H 1
| #define HAVE_NETINET_TCP_H 1
| #define HAVE_READLINE_HISTORY_H 1
| #define HAVE_READLINE_READLINE_H 1
| #define HAVE_SYS_SOCKET_H 1
| #define HAVE_SYS_TIME_H 1
| #define HAVE_SYS_TYPES_H 1
| #define HAVE_SYS_UN_H 1
| /* end confdefs.h.  */
| #include <stdio.h>
| #ifdef HAVE_SYS_TYPES_H
| # include <sys/types.h>
| #endif
| #ifdef HAVE_SYS_STAT_H
| # include <sys/stat.h>
| #endif
| #ifdef STDC_HEADERS
| # include <stdlib.h>
| # include <stddef.h>
| #else
| # ifdef HAVE_STDLIB_H
| #  include <stdlib.h>
| # endif
| #endif
| #ifdef HAVE_STRING_H
| # if !defined STDC_HEADERS && defined HAVE_MEMORY_H
| #  include <memory.h>
| # endif
| # include <string.h>
| #endif
| #ifdef HAVE_STRINGS_H
| # include <strings.h>
| #endif
| #ifdef HAVE_INTTYPES_H
| # include <inttypes.h>
| #endif
| #ifdef HAVE_STDINT_H
| # include <stdint.h>
| #endif
| #ifdef HAVE_UNISTD_H
| # include <unistd.h>
| #endif
| int
| main ()
| {
| if (sizeof ((_Bool)))
| 	    return 0;
|   ;
|   return 0;
| }
configure:13210: result: yes
configure:13227: checking for inline
configure:13243: gcc -c -I/opt/project/gobgp_test/gowork/src/srx_grpc/srx/src/../extras/local/include -g -O2 -DLCONFIG_INT=int  conftest.c >&5
configure:13243: $? = 0
configure:13251: result: inline
configure:13269: checking for size_t
configure:13269: gcc -c -I/opt/project/gobgp_test/gowork/src/srx_grpc/srx/src/../extras/local/include -g -O2 -DLCONFIG_INT=int  conftest.c >&5
configure:13269: $? = 0
configure:13269: gcc -c -I/opt/project/gobgp_test/gowork/src/srx_grpc/srx/src/../extras/local/include -g -O2 -DLCONFIG_INT=int  conftest.c >&5
conftest.c: In function 'main':
conftest.c:95:21: error: expected expression before ')' token
 if (sizeof ((size_t)))
                     ^
configure:13269: $? = 1
configure: failed program was:
| /* confdefs.h */
| #define PACKAGE_NAME "SRx"
| #define PACKAGE_TARNAME "srx"
| #define PACKAGE_VERSION "0.5.1.0"
| #define PACKAGE_STRING "SRx 0.5.1.0"
| #define PACKAGE_BUGREPORT "bgpsrx-dev@nist.gov"
| #define PACKAGE_URL ""
| #define PACKAGE "srx"
| #define VERSION "0.5.1.0"
| #define STDC_HEADERS 1
| #define HAVE_SYS_TYPES_H 1
| #define HAVE_SYS_STAT_H 1
| #define HAVE_STDLIB_H 1
| #define HAVE_STRING_H 1
| #define HAVE_MEMORY_H 1
| #define HAVE_STRINGS_H 1
| #define HAVE_INTTYPES_H 1
| #define HAVE_STDINT_H 1
| #define HAVE_UNISTD_H 1
| #define HAVE_DLFCN_H 1
| #define LT_OBJDIR ".libs/"
| #define HAVE__OPT_PROJECT_SRX_TEST1_SRX_____INST__INCLUDE_SRX_SRXCRYPTOAPI_H 1
| #define _REENTRANT /**/
| #define USE_GRPC /**/
| #define HAVE_ASSERT_H 1
| #define HAVE_CTYPE_H 1
| #define HAVE_DLFCN_H 1
| #define HAVE_ERRNO_H 1
| #define HAVE_FCNTL_H 1
| #define HAVE_GETOPT_H 1
| #define HAVE_MALLOC_H 1
| #define HAVE_NETDB_H 1
| #define HAVE_PATRICIA_H 1
| #define HAVE_PTHREAD_H 1
| #define HAVE_SEMAPHORE_H 1
| #define HAVE_SIGNAL_H 1
| #define HAVE_STDARG_H 1
| #define HAVE_STDBOOL_H 1
| #define HAVE_STDINT_H 1
| #define HAVE_STDIO_H 1
| #define HAVE_STDLIB_H 1
| #define HAVE_STRING_H 1
| #define HAVE_SYSLOG_H 1
| #define HAVE_TIME_H 1
| #define HAVE_UNISTD_H 1
| #define HAVE_UTHASH_H 1
| #define HAVE_ARPA_INET_H 1
| #define HAVE_NETINET_IN_H 1
| #define HAVE_NETINET_TCP_H 1
| #define HAVE_READLINE_HISTORY_H 1
| #define HAVE_READLINE_READLINE_H 1
| #define HAVE_SYS_SOCKET_H 1
| #define HAVE_SYS_TIME_H 1
| #define HAVE_SYS_TYPES_H 1
| #define HAVE_SYS_UN_H 1
| #define HAVE__BOOL 1
| #define HAVE_STDBOOL_H 1
| /* end confdefs.h.  */
| #include <stdio.h>
| #ifdef HAVE_SYS_TYPES_H
| # include <sys/types.h>
| #endif
| #ifdef HAVE_SYS_STAT_H
| # include <sys/stat.h>
| #endif
| #ifdef STDC_HEADERS
| # include <stdlib.h>
| # include <stddef.h>
| #else
| # ifdef HAVE_STDLIB_H
| #  include <stdlib.h>
| # endif
| #endif
| #ifdef HAVE_STRING_H
| # if !defined STDC_HEADERS && defined HAVE_MEMORY_H
| #  include <memory.h>
| # endif
| # include <string.h>
| #endif
| #ifdef HAVE_STRINGS_H
| # include <strings.h>
| #endif
| #ifdef HAVE_INTTYPES_H
| # include <inttypes.h>
| #endif
| #ifdef HAVE_STDINT_H
| # include <stdint.h>
| #endif
| #ifdef HAVE_UNISTD_H
| # include <unistd.h>
| #endif
| int
| main ()
| {
| if (sizeof ((size_t)))
| 	    return 0;
|   ;
|   return 0;
| }
configure:13269: result: yes
configure:13280: checking for ssize_t
configure:13280: gcc -c -I/opt/project/gobgp_test/gowork/src/srx_grpc/srx/src/../extras/local/include -g -O2 -DLCONFIG_INT=int  conftest.c >&5
configure:13280: $? = 0
configure:13280: gcc -c -I/opt/project/gobgp_test/gowork/src/srx_grpc/srx/src/../extras/local/include -g -O2 -DLCONFIG_INT=int  conftest.c >&5
conftest.c: In function 'main':
conftest.c:95:22: error: expected expression before ')' token
 if (sizeof ((ssize_t)))
                      ^
configure:13280: $? = 1
configure: failed program was:
| /* confdefs.h */
| #define PACKAGE_NAME "SRx"
| #define PACKAGE_TARNAME "srx"
| #define PACKAGE_VERSION "0.5.1.0"
| #define PACKAGE_STRING "SRx 0.5.1.0"
| #define PACKAGE_BUGREPORT "bgpsrx-dev@nist.gov"
| #define PACKAGE_URL ""
| #define PACKAGE "srx"
| #define VERSION "0.5.1.0"
| #define STDC_HEADERS 1
| #define HAVE_SYS_TYPES_H 1
| #define HAVE_SYS_STAT_H 1
| #define HAVE_STDLIB_H 1
| #define HAVE_STRING_H 1
| #define HAVE_MEMORY_H 1
| #define HAVE_STRINGS_H 1
| #define HAVE_INTTYPES_H 1
| #define HAVE_STDINT_H 1
| #define HAVE_UNISTD_H 1
| #define HAVE_DLFCN_H 1
| #define LT_OBJDIR ".libs/"
| #define HAVE__OPT_PROJECT_SRX_TEST1_SRX_____INST__INCLUDE_SRX_SRXCRYPTOAPI_H 1
| #define _REENTRANT /**/
| #define USE_GRPC /**/
| #define HAVE_ASSERT_H 1
| #define HAVE_CTYPE_H 1
| #define HAVE_DLFCN_H 1
| #define HAVE_ERRNO_H 1
| #define HAVE_FCNTL_H 1
| #define HAVE_GETOPT_H 1
| #define HAVE_MALLOC_H 1
| #define HAVE_NETDB_H 1
| #define HAVE_PATRICIA_H 1
| #define HAVE_PTHREAD_H 1
| #define HAVE_SEMAPHORE_H 1
| #define HAVE_SIGNAL_H 1
| #define HAVE_STDARG_H 1
| #define HAVE_STDBOOL_H 1
| #define HAVE_STDINT_H 1
| #define HAVE_STDIO_H 1
| #define HAVE_STDLIB_H 1
| #define HAVE_STRING_H 1
| #define HAVE_SYSLOG_H 1
| #define HAVE_TIME_H 1
| #define HAVE_UNISTD_H 1
| #define HAVE_UTHASH_H 1
| #define HAVE_ARPA_INET_H 1
| #define HAVE_NETINET_IN_H 1
| #define HAVE_NETINET_TCP_H 1
| #define HAVE_READLINE_HISTORY_H 1
| #define HAVE_READLINE_READLINE_H 1
| #define HAVE_SYS_SOCKET_H 1
| #define HAVE_SYS_TIME_H 1
| #define HAVE_SYS_TYPES_H 1
| #define HAVE_SYS_UN_H 1
| #define HAVE__BOOL 1
| #define HAVE_STDBOOL_H 1
| /* end confdefs.h.  */
| #include <stdio.h>
| #ifdef HAVE_SYS_TYPES_H
| # include <sys/types.h>
| #endif
| #ifdef HAVE_SYS_STAT_H
| # include <sys/stat.h>
| #endif
| #ifdef STDC_HEADERS
| # include <stdlib.h>
| # include <stddef.h>
| #else
| # ifdef HAVE_STDLIB_H
| #  include <stdlib.h>
| # endif
| #endif
| #ifdef HAVE_STRING_H
| # if !defined STDC_HEADERS && defined HAVE_MEMORY_H
| #  include <memory.h>
| # endif
| # include <string.h>
| #endif
| #ifdef HAVE_STRINGS_H
| # include <strings.h>
| #endif
| #ifdef HAVE_INTTYPES_H
| # include <inttypes.h>
| #endif
| #ifdef HAVE_STDINT_H
| # include <stdint.h>
| #endif
| #ifdef HAVE_UNISTD_H
| # include <unistd.h>
| #endif
| int
| main ()
| {
| if (sizeof ((ssize_t)))
| 	    return 0;
|   ;
|   return 0;
| }
configure:13280: result: yes
configure:13291: checking for uint16_t
configure:13291: gcc -c -I/opt/project/gobgp_test/gowork/src/srx_grpc/srx/src/../extras/local/include -g -O2 -DLCONFIG_INT=int  conftest.c >&5
configure:13291: $? = 0
configure:13291: result: yes
configure:13303: checking for uint32_t
configure:13303: gcc -c -I/opt/project/gobgp_test/gowork/src/srx_grpc/srx/src/../extras/local/include -g -O2 -DLCONFIG_INT=int  conftest.c >&5
configure:13303: $? = 0
configure:13303: result: yes
configure:13317: checking for uint8_t
configure:13317: gcc -c -I/opt/project/gobgp_test/gowork/src/srx_grpc/srx/src/../extras/local/include -g -O2 -DLCONFIG_INT=int  conftest.c >&5
configure:13317: $? = 0
configure:13317: result: yes
configure:13496: checking that generated files are newer than configure
configure:13502: result: done
configure:13541: creating ./config.status

## ---------------------- ##
## Running config.status. ##
## ---------------------- ##

This file was extended by SRx config.status 0.5.1.0, which was
generated by GNU Autoconf 2.69.  Invocation command line was

  CONFIG_FILES    = 
  CONFIG_HEADERS  = 
  CONFIG_LINKS    = 
  CONFIG_COMMANDS = 
  $ ./config.status 

on vmware-005.antd.nist.gov

config.status:1152: creating Makefile
config.status:1152: creating client/srxproxy64.conf
config.status:1152: creating srx-0.5.1.0.spec
config.status:1152: creating srx-proxy-0.5.1.0.spec
config.status:1152: creating srx-proxy-devel-0.5.1.0.spec
config.status:1152: creating server/srx_serverd
config.status:1152: creating config.h
config.status:1381: executing depfiles commands
config.status:1381: executing libtool commands

## ---------------- ##
## Cache variables. ##
## ---------------- ##

ac_cv_build=x86_64-unknown-linux-gnu
ac_cv_c_compiler_gnu=yes
ac_cv_c_inline=inline
ac_cv_c_uint16_t=yes
ac_cv_c_uint32_t=yes
ac_cv_c_uint8_t=yes
ac_cv_env_CC_set=
ac_cv_env_CC_value=
ac_cv_env_CFLAGS_set=
ac_cv_env_CFLAGS_value=
ac_cv_env_CPPFLAGS_set=
ac_cv_env_CPPFLAGS_value=
ac_cv_env_CPP_set=
ac_cv_env_CPP_value=
ac_cv_env_LDFLAGS_set=
ac_cv_env_LDFLAGS_value=
ac_cv_env_LIBS_set=
ac_cv_env_LIBS_value=
ac_cv_env_build_alias_set=
ac_cv_env_build_alias_value=
ac_cv_env_grpc_dir_set=set
ac_cv_env_grpc_dir_value=/opt/project/gobgp_test/gowork/src/srx_grpc
ac_cv_env_host_alias_set=
ac_cv_env_host_alias_value=
ac_cv_env_patricia_dir_set=
ac_cv_env_patricia_dir_value=
ac_cv_env_sca_dir_set=set
ac_cv_env_sca_dir_value=/opt/project/srx_test1/srx/../_inst/
ac_cv_env_target_alias_set=
ac_cv_env_target_alias_value=
ac_cv_func_dlopen=no
ac_cv_func_shl_load=no
ac_cv_header__opt_project_srx_test1_srx_____inst__include_srx_srxcryptoapi_h=yes
ac_cv_header_arpa_inet_h=yes
ac_cv_header_assert_h=yes
ac_cv_header_ctype_h=yes
ac_cv_header_dlfcn_h=yes
ac_cv_header_errno_h=yes
ac_cv_header_fcntl_h=yes
ac_cv_header_getopt_h=yes
ac_cv_header_inttypes_h=yes
ac_cv_header_malloc_h=yes
ac_cv_header_memory_h=yes
ac_cv_header_netdb_h=yes
ac_cv_header_netinet_in_h=yes
ac_cv_header_netinet_tcp_h=yes
ac_cv_header_patricia_h=yes
ac_cv_header_pthread_h=yes
ac_cv_header_readline_history_h=yes
ac_cv_header_readline_readline_h=yes
ac_cv_header_semaphore_h=yes
ac_cv_header_signal_h=yes
ac_cv_header_stdarg_h=yes
ac_cv_header_stdbool_h=yes
ac_cv_header_stdc=yes
ac_cv_header_stdint_h=yes
ac_cv_header_stdio_h=yes
ac_cv_header_stdlib_h=yes
ac_cv_header_string_h=yes
ac_cv_header_strings_h=yes
ac_cv_header_sys_socket_h=yes
ac_cv_header_sys_stat_h=yes
ac_cv_header_sys_time_h=yes
ac_cv_header_sys_types_h=yes
ac_cv_header_sys_un_h=yes
ac_cv_header_syslog_h=yes
ac_cv_header_time_h=yes
ac_cv_header_unistd_h=yes
ac_cv_header_uthash_h=yes
ac_cv_host=x86_64-unknown-linux-gnu
ac_cv_lib_dl_dlopen=yes
ac_cv_lib_dld_shl_load=no
ac_cv_objext=o
ac_cv_path_EGREP='/bin//grep -E'
ac_cv_path_FGREP='/bin//grep -F'
ac_cv_path_GREP=/bin//grep
ac_cv_path_SED=/bin//sed
ac_cv_path_install='/bin//install -c'
ac_cv_path_mkdir=/bin//mkdir
ac_cv_prog_AWK=gawk
ac_cv_prog_CPP='gcc -E'
ac_cv_prog_ac_ct_AR=ar
ac_cv_prog_ac_ct_CC=gcc
ac_cv_prog_ac_ct_OBJDUMP=objdump
ac_cv_prog_ac_ct_RANLIB=ranlib
ac_cv_prog_ac_ct_STRIP=strip
ac_cv_prog_cc_c89=
ac_cv_prog_cc_g=yes
ac_cv_prog_make_make_set=yes
ac_cv_search_clock_gettime='none required'
ac_cv_search_config_init=-lconfig
ac_cv_search_dlerror=-ldl
ac_cv_search_pthread_create=-lpthread
ac_cv_search_write_history=-lreadline
ac_cv_type__Bool=yes
ac_cv_type_size_t=yes
ac_cv_type_ssize_t=yes
am_cv_CC_dependencies_compiler_type=gcc3
am_cv_make_support_nested_variables=yes
lt_cv_ar_at_file=@
lt_cv_archive_cmds_need_lc=no
lt_cv_deplibs_check_method=pass_all
lt_cv_dlopen=dlopen
lt_cv_dlopen_libs=-ldl
lt_cv_dlopen_self=yes
lt_cv_dlopen_self_static=yes
lt_cv_file_magic_cmd='$MAGIC_CMD'
lt_cv_file_magic_test_file=
lt_cv_ld_reload_flag=-r
lt_cv_nm_interface='BSD nm'
lt_cv_objdir=.libs
lt_cv_path_LD=/bin//ld
lt_cv_path_NM='/bin//nm -B'
lt_cv_path_mainfest_tool=no
lt_cv_prog_compiler_c_o=yes
lt_cv_prog_compiler_pic='-fPIC -DPIC'
lt_cv_prog_compiler_pic_works=yes
lt_cv_prog_compiler_rtti_exceptions=no
lt_cv_prog_compiler_static_works=no
lt_cv_prog_gnu_ld=yes
lt_cv_sharedlib_from_linklib_cmd='printf %s\n'
lt_cv_shlibpath_overrides_runpath=no
lt_cv_sys_global_symbol_pipe='sed -n -e '\''s/^.*[	 ]\([ABCDGIRSTW][ABCDGIRSTW]*\)[	 ][	 ]*\([_A-Za-z][_A-Za-z0-9]*\)$/\1 \2 \2/p'\'' | sed '\''/ __gnu_lto/d'\'''
lt_cv_sys_global_symbol_to_c_name_address='sed -n -e '\''s/^: \([^ ]*\)[ ]*$/  {\"\1\", (void *) 0},/p'\'' -e '\''s/^[ABCDGIRSTW]* \([^ ]*\) \([^ ]*\)$/  {"\2", (void *) \&\2},/p'\'''
lt_cv_sys_global_symbol_to_c_name_address_lib_prefix='sed -n -e '\''s/^: \([^ ]*\)[ ]*$/  {\"\1\", (void *) 0},/p'\'' -e '\''s/^[ABCDGIRSTW]* \([^ ]*\) \(lib[^ ]*\)$/  {"\2", (void *) \&\2},/p'\'' -e '\''s/^[ABCDGIRSTW]* \([^ ]*\) \([^ ]*\)$/  {"lib\2", (void *) \&\2},/p'\'''
lt_cv_sys_global_symbol_to_cdecl='sed -n -e '\''s/^T .* \(.*\)$/extern int \1();/p'\'' -e '\''s/^[ABCDGIRSTW]* .* \(.*\)$/extern char \1;/p'\'''
lt_cv_sys_max_cmd_len=1572864
lt_cv_to_host_file_cmd=func_convert_file_noop
lt_cv_to_tool_file_cmd=func_convert_file_noop

## ----------------- ##
## Output variables. ##
## ----------------- ##

ACLOCAL='aclocal-1.13'
AMDEPBACKSLASH='\'
AMDEP_FALSE='#'
AMDEP_TRUE=''
AMTAR='$${TAR-tar}'
AM_BACKSLASH='\'
AM_DEFAULT_V='$(AM_DEFAULT_VERBOSITY)'
AM_DEFAULT_VERBOSITY='1'
AM_V='$(V)'
AR='ar'
AUTOCONF='autoconf'
AUTOHEADER='autoheader'
AUTOMAKE='automake-1.13'
AWK='gawk'
BUILD_TEST_FALSE=''
BUILD_TEST_TRUE='#'
CC='gcc'
CCDEPMODE='depmode=gcc3'
CFG_PREFIX='/opt/project/gobgp_test/gowork/src/srx_grpc/srx/test_install'
CFG_SYSCONFIG='/opt/project/gobgp_test/gowork/src/srx_grpc/srx/test_install/etc'
CFLAGS='-I/opt/project/gobgp_test/gowork/src/srx_grpc/srx/src/../extras/local/include -g -O2 -DLCONFIG_INT=int'
CPP='gcc -E'
CPPFLAGS=''
CPU_ARCH='64'
CPU_ARCH_FLAGS='-DCPU_64'
CYGPATH_W='echo'
DEFS='-DHAVE_CONFIG_H'
DEPDIR='.deps'
DLLTOOL='false'
DSYMUTIL=''
DUMPBIN=''
ECHO_C=''
ECHO_N='-n'
ECHO_T=''
EGREP='/bin//grep -E'
ENABLE_GRPC_COND_FALSE='#'
ENABLE_GRPC_COND_TRUE=''
EXEEXT=''
FGREP='/bin//grep -F'
GREP='/bin//grep'
HAVE_LIBCONFIG='1'
HAVE_LIBSRxCryptoAPI='1'
INSTALL_DATA='${INSTALL} -m 644'
INSTALL_PROGRAM='${INSTALL}'
INSTALL_SCRIPT='${INSTALL}'
INSTALL_STRIP_PROGRAM='$(install_sh) -c -s'
LCONFIG_INT='int'
LD='/bin//ld -m elf_x86_64'
LDFLAGS=''
LIBOBJS=''
LIBS='-lpthread -lreadline -ldl -lconfig '
LIBTOOL='$(SHELL) $(top_builddir)/libtool'
LIB_PATRICIA='/opt/project/gobgp_test/gowork/src/srx_grpc/srx/src/../extras/local/lib64/libpatricia.a'
LIB_VER_INFO='5:1:0'
LIB_VER_INFO_COND_FALSE='#'
LIB_VER_INFO_COND_TRUE=''
LIPO=''
LN_S='ln -s'
LTLIBOBJS=''
MAJOR_VER='5'
MAKEINFO='makeinfo'
MANIFEST_TOOL=':'
MINOR_VER='1'
MKDIR_P='/bin//mkdir -p'
NM='/bin//nm -B'
NMEDIT=''
OBJDUMP='objdump'
OBJEXT='o'
OTOOL64=''
OTOOL=''
PACKAGE='srx'
PACKAGE_BUGREPORT='bgpsrx-dev@nist.gov'
PACKAGE_NAME='SRx'
PACKAGE_STRING='SRx 0.5.1.0'
PACKAGE_TARNAME='srx'
PACKAGE_URL=''
PACKAGE_VERSION='0.5.1.0'
PATH_SEPARATOR=':'
PATRICIA_DIR=''
PKG_VER='0'
RANLIB='ranlib'
SCA_CFLAGS='-I/opt/project/srx_test1/srx/../_inst//include'
SCA_DIR='/opt/project/srx_test1/srx/../_inst/'
SCA_LDFLAGS='-L/opt/project/srx_test1/srx/../_inst//lib64/srx'
SCA_LIBS='-lSRxCryptoAPI'
SED='/bin//sed'
SET_MAKE=''
SHELL='/bin/sh'
SRX_DIR='srx'
SRX_REVISION_FILE='srx-server-rev.txt'
STRIP='strip'
UPD_VER='0'
VERSION='0.5.1.0'
VER_INFO='5.0.1'
ac_ct_AR='ar'
ac_ct_CC='gcc'
ac_ct_DUMPBIN=''
am__EXEEXT_FALSE=''
am__EXEEXT_TRUE='#'
am__fastdepCC_FALSE='#'
am__fastdepCC_TRUE=''
am__include='include'
am__isrc=''
am__leading_dot='.'
am__nodep='_no'
am__quote=''
am__tar='$${TAR-tar} chof - "$$tardir"'
am__untar='$${TAR-tar} xf -'
bindir='${exec_prefix}/bin'
build='x86_64-unknown-linux-gnu'
build_alias=''
build_cpu='x86_64'
build_os='linux-gnu'
build_vendor='unknown'
datadir='${datarootdir}'
datarootdir='${prefix}/share'
docdir='${datarootdir}/doc/${PACKAGE_TARNAME}'
dvidir='${docdir}'
exec_prefix='${prefix}'
grpc_dir='/opt/project/gobgp_test/gowork/src/srx_grpc'
host='x86_64-unknown-linux-gnu'
host_alias=''
host_cpu='x86_64'
host_os='linux-gnu'
host_vendor='unknown'
htmldir='${docdir}'
incl_la_lib='no'
includedir='${prefix}/include'
infodir='${datarootdir}/info'
install_sh='${SHELL} /opt/project/gobgp_test/gowork/src/srx_grpc/srx/src/install-sh'
libdir='${exec_prefix}/lib64'
libexecdir='${exec_prefix}/libexec'
localedir='${datarootdir}/locale'
localstatedir='${prefix}/var'
mandir='${datarootdir}/man'
mkdir_p='$(MKDIR_P)'
oldincludedir='/usr/include'
patricia_dir=''
pdfdir='${docdir}'
prefix='/opt/project/gobgp_test/gowork/src/srx_grpc/srx/test_install'
program_transform_name='s,x,x,'
psdir='${docdir}'
sbindir='${exec_prefix}/sbin'
sca_dir='/opt/project/srx_test1/srx/../_inst/'
sharedstatedir='${prefix}/com'
sysconfdir='${prefix}/etc'
target_alias=''

## ----------- ##
## confdefs.h. ##
## ----------- ##

/* confdefs.h */
#define PACKAGE_NAME "SRx"
#define PACKAGE_TARNAME "srx"
#define PACKAGE_VERSION "0.5.1.0"
#define PACKAGE_STRING "SRx 0.5.1.0"
#define PACKAGE_BUGREPORT "bgpsrx-dev@nist.gov"
#define PACKAGE_URL ""
#define PACKAGE "srx"
#define VERSION "0.5.1.0"
#define STDC_HEADERS 1
#define HAVE_SYS_TYPES_H 1
#define HAVE_SYS_STAT_H 1
#define HAVE_STDLIB_H 1
#define HAVE_STRING_H 1
#define HAVE_MEMORY_H 1
#define HAVE_STRINGS_H 1
#define HAVE_INTTYPES_H 1
#define HAVE_STDINT_H 1
#define HAVE_UNISTD_H 1
#define HAVE_DLFCN_H 1
#define LT_OBJDIR ".libs/"
#define HAVE__OPT_PROJECT_SRX_TEST1_SRX_____INST__INCLUDE_SRX_SRXCRYPTOAPI_H 1
#define _REENTRANT /**/
#define USE_GRPC /**/
#define HAVE_ASSERT_H 1
#define HAVE_CTYPE_H 1
#define HAVE_DLFCN_H 1
#define HAVE_ERRNO_H 1
#define HAVE_FCNTL_H 1
#define HAVE_GETOPT_H 1
#define HAVE_MALLOC_H 1
#define HAVE_NETDB_H 1
#define HAVE_PATRICIA_H 1
#define HAVE_PTHREAD_H 1
#define HAVE_SEMAPHORE_H 1
#define HAVE_SIGNAL_H 1
#define HAVE_STDARG_H 1
#define HAVE_STDBOOL_H 1
#define HAVE_STDINT_H 1
#define HAVE_STDIO_H 1
#define HAVE_STDLIB_H 1
#define HAVE_STRING_H 1
#define HAVE_SYSLOG_H 1
#define HAVE_TIME_H 1
#define HAVE_UNISTD_H 1
#define HAVE_UTHASH_H 1
#define HAVE_ARPA_INET_H 1
#define HAVE_NETINET_IN_H 1
#define HAVE_NETINET_TCP_H 1
#define HAVE_READLINE_HISTORY_H 1
#define HAVE_READLINE_READLINE_H 1
#define HAVE_SYS_SOCKET_H 1
#define HAVE_SYS_TIME_H 1
#define HAVE_SYS_TYPES_H 1
#define HAVE_SYS_UN_H 1
#define HAVE__BOOL 1
#define HAVE_STDBOOL_H 1

configure: exit 0

## ---------------------- ##
## Running config.status. ##
## ---------------------- ##

This file was extended by SRx config.status 0.5.1.0, which was
generated by GNU Autoconf 2.69.  Invocation command line was

  CONFIG_FILES    = 
  CONFIG_HEADERS  = 
  CONFIG_LINKS    = 
  CONFIG_COMMANDS = 
  $ ./config.status 

on vmware-005.antd.nist.gov

config.status:1152: creating Makefile
config.status:1152: creating client/srxproxy64.conf
config.status:1152: creating srx-0.5.1.0.spec
config.status:1152: creating srx-proxy-0.5.1.0.spec
config.status:1152: creating srx-proxy-devel-0.5.1.0.spec
config.status:1152: creating server/srx_serverd
config.status:1152: creating config.h
config.status:1333: config.h is unchanged
config.status:1381: executing depfiles commands
config.status:1381: executing libtool commands

## ---------------------- ##
## Running config.status. ##
## ---------------------- ##

This file was extended by SRx config.status 0.5.1.0, which was
generated by GNU Autoconf 2.69.  Invocation command line was

  CONFIG_FILES    = 
  CONFIG_HEADERS  = 
  CONFIG_LINKS    = 
  CONFIG_COMMANDS = 
  $ ./config.status Makefile

on vmware-005.antd.nist.gov

config.status:1152: creating Makefile

## ---------------------- ##
## Running config.status. ##
## ---------------------- ##

This file was extended by SRx config.status 0.5.1.0, which was
generated by GNU Autoconf 2.69.  Invocation command line was

  CONFIG_FILES    = 
  CONFIG_HEADERS  = 
  CONFIG_LINKS    = 
  CONFIG_COMMANDS = 
  $ ./config.status 

on vmware-005.antd.nist.gov

config.status:1152: creating Makefile
config.status:1152: creating client/srxproxy64.conf
config.status:1152: creating srx-0.5.1.0.spec
config.status:1152: creating srx-proxy-0.5.1.0.spec
config.status:1152: creating srx-proxy-devel-0.5.1.0.spec
config.status:1152: creating server/srx_serverd
config.status:1152: creating config.h
config.status:1333: config.h is unchanged
config.status:1381: executing depfiles commands
config.status:1381: executing libtool commands

## ---------------------- ##
## Running config.status. ##
## ---------------------- ##

This file was extended by SRx config.status 0.5.1.0, which was
generated by GNU Autoconf 2.69.  Invocation command line was

  CONFIG_FILES    = 
  CONFIG_HEADERS  = 
  CONFIG_LINKS    = 
  CONFIG_COMMANDS = 
  $ ./config.status 

on vmware-005.antd.nist.gov

config.status:1152: creating Makefile
config.status:1152: creating client/srxproxy64.conf
config.status:1152: creating srx-0.5.1.0.spec
config.status:1152: creating srx-proxy-0.5.1.0.spec
config.status:1152: creating srx-proxy-devel-0.5.1.0.spec
config.status:1152: creating server/srx_serverd
config.status:1152: creating config.h
config.status:1333: config.h is unchanged
config.status:1381: executing depfiles commands
config.status:1381: executing libtool commands

## ---------------------- ##
## Running config.status. ##
## ---------------------- ##

This file was extended by SRx config.status 0.5.1.0, which was
generated by GNU Autoconf 2.69.  Invocation command line was

  CONFIG_FILES    = 
  CONFIG_HEADERS  = 
  CONFIG_LINKS    = 
  CONFIG_COMMANDS = 
  $ ./config.status 

on vmware-005.antd.nist.gov

config.status:1152: creating Makefile
config.status:1152: creating client/srxproxy64.conf
config.status:1152: creating srx-0.5.1.0.spec
config.status:1152: creating srx-proxy-0.5.1.0.spec
config.status:1152: creating srx-proxy-devel-0.5.1.0.spec
config.status:1152: creating server/srx_serverd
config.status:1152: creating config.h
config.status:1333: config.h is unchanged
config.status:1381: executing depfiles commands
config.status:1381: executing libtool commands

## ---------------------- ##
## Running config.status. ##
## ---------------------- ##

This file was extended by SRx config.status 0.5.1.0, which was
generated by GNU Autoconf 2.69.  Invocation command line was

  CONFIG_FILES    = 
  CONFIG_HEADERS  = 
  CONFIG_LINKS    = 
  CONFIG_COMMANDS = 
  $ ./config.status 

on vmware-005.antd.nist.gov

config.status:1152: creating Makefile
config.status:1152: creating client/srxproxy64.conf
config.status:1152: creating srx-0.5.1.0.spec
config.status:1152: creating srx-proxy-0.5.1.0.spec
config.status:1152: creating srx-proxy-devel-0.5.1.0.spec
config.status:1152: creating server/srx_serverd
config.status:1152: creating config.h
config.status:1333: config.h is unchanged
config.status:1381: executing depfiles commands
config.status:1381: executing libtool commands

## ---------------------- ##
## Running config.status. ##
## ---------------------- ##

This file was extended by SRx config.status 0.5.1.0, which was
generated by GNU Autoconf 2.69.  Invocation command line was

  CONFIG_FILES    = 
  CONFIG_HEADERS  = 
  CONFIG_LINKS    = 
  CONFIG_COMMANDS = 
  $ ./config.status 

on vmware-005.antd.nist.gov

config.status:1152: creating Makefile
config.status:1152: creating client/srxproxy64.conf
config.status:1152: creating srx-0.5.1.0.spec
config.status:1152: creating srx-proxy-0.5.1.0.spec
config.status:1152: creating srx-proxy-devel-0.5.1.0.spec
config.status:1152: creating server/srx_serverd
config.status:1152: creating config.h
config.status:1333: config.h is unchanged
config.status:1381: executing depfiles commands
config.status:1381: executing libtool commands

## ---------------------- ##
## Running config.status. ##
## ---------------------- ##

This file was extended by SRx config.status 0.5.1.0, which was
generated by GNU Autoconf 2.69.  Invocation command line was

  CONFIG_FILES    = 
  CONFIG_HEADERS  = 
  CONFIG_LINKS    = 
  CONFIG_COMMANDS = 
  $ ./config.status 

on vmware-005.antd.nist.gov

config.status:1152: creating Makefile
config.status:1152: creating client/srxproxy64.conf
config.status:1152: creating srx-0.5.1.0.spec
config.status:1152: creating srx-proxy-0.5.1.0.spec
config.status:1152: creating srx-proxy-devel-0.5.1.0.spec
config.status:1152: creating server/srx_serverd
config.status:1152: creating config.h
config.status:1333: config.h is unchanged
config.status:1381: executing depfiles commands
config.status:1381: executing libtool commands
