This file contains any messages produced by compilers while
running configure, to aid debugging if configure makes a mistake.

It was created by SRx configure 0.5.1.0, which was
generated by GNU Autoconf 2.69.  Invocation command line was

  $ ./configure --prefix=/opt/project/gobgp_test/gowork/src/srx_grpc/srx/test_install sca_dir=/opt/project/srx_test1/srx/../_inst/ --cache-file=/dev/null --srcdir=. --no-create --no-recursion

## --------- ##
## Platform. ##
## --------- ##

hostname = vmware-005.antd.nist.gov
uname -m = x86_64
uname -r = 3.10.0-862.11.6.el7.x86_64
uname -s = Linux
uname -v = #1 SMP Tue Aug 14 21:49:04 UTC 2018

/usr/bin/uname -p = x86_64
/bin/uname -X     = unknown

/bin/arch              = x86_64
/usr/bin/arch -k       = unknown
/usr/convex/getsysinfo = unknown
/usr/bin/hostinfo      = unknown
/bin/machine           = unknown
/usr/bin/oslevel       = unknown
/bin/universe          = unknown

PATH: /bin/
PATH: .
PATH: /opt/GCC281/bin
PATH: /usr/ccs/bin
PATH: .
PATH: /usr/openwin/bin
PATH: /usr/openwin/bin/xview
PATH: /usr/openwin/bin
PATH: /opt/java.1.3/bin
PATH: /usr/bin
PATH: /usr/ccs/bin
PATH: /import/fs1/local/bin
PATH: /import/fs1/local/solaris/bin
PATH: /import/fs1/local/solaris/netscape
PATH: /opt/JBxv/bin
PATH: /bin
PATH: /usr/local/gnu/bin
PATH: /usr/bin
PATH: /usr/ucb
PATH: /usr/local/bin
PATH: /usr/etc
PATH: /usr/local/etc
PATH: /usr/games
PATH: /opt/AEgs/bin
PATH: /opt/GNUgview/bin
PATH: /import/fs1/opt/Acrobat3/bin
PATH: /import/fs1/opt/xfig.3.2.2
PATH: /usr/jdk1.2/bin
PATH: /opt/kde/bin
PATH: /usr/local/sbin
PATH: .
PATH: .
PATH: /itl/links/generic/bin
PATH: /itl/links/gnu/bin
PATH: /itl/links/spro/bin
PATH: /itl/apps/tetex/SunOS-sun4m-5.6/bin
PATH: /itl/apps/generic/man
PATH: /itl/apps/gnu/bin
PATH: /itl/apps/spro/bin
PATH: .
PATH: /opt/gnu/bin
PATH: /usr/sbin
PATH: /sbin
PATH: /usr/lib
PATH: /usr/X11R6/bin
PATH: .
PATH: /users/kyehwanl/pycscope-0.3/build/scripts-2.5/
PATH: /opt/project/gobgp_test/gowork/bin
PATH: /usr/local/go/bin


## ----------- ##
## Core tests. ##
## ----------- ##

configure:2160: checking for a BSD-compatible install
configure:2228: result: /bin//install -c
configure:2239: checking whether build environment is sane
configure:2294: result: yes
configure:2332: WARNING: 'missing' script is too old or missing
configure:2445: checking for a thread-safe mkdir -p
configure:2484: result: /bin//mkdir -p
configure:2491: checking for gawk
configure:2507: found /bin//gawk
configure:2518: result: gawk
configure:2529: checking whether make sets $(MAKE)
configure:2551: result: yes
configure:2580: checking whether make supports nested variables
configure:2597: result: yes
configure:2681: checking whether make sets $(MAKE)
configure:2703: result: yes
configure:2742: checking build system type
configure:2756: result: x86_64-unknown-linux-gnu
configure:2776: checking host system type
configure:2789: result: x86_64-unknown-linux-gnu
configure:2830: checking how to print strings
configure:2857: result: printf
configure:2890: checking for style of include used by make
configure:2918: result: GNU
configure:2989: checking for gcc
configure:3005: found /bin//gcc
configure:3016: result: gcc
configure:3245: checking for C compiler version
configure:3254: gcc --version >&5
gcc (GCC) 4.8.5 20150623 (Red Hat 4.8.5-36)
Copyright (C) 2015 Free Software Foundation, Inc.
This is free software; see the source for copying conditions.  There is NO
warranty; not even for MERCHANTABILITY or FITNESS FOR A PARTICULAR PURPOSE.

configure:3265: $? = 0
configure:3254: gcc -v >&5
Using built-in specs.
COLLECT_GCC=gcc
COLLECT_LTO_WRAPPER=/usr/libexec/gcc/x86_64-redhat-linux/4.8.5/lto-wrapper
Target: x86_64-redhat-linux
Configured with: ../configure --prefix=/usr --mandir=/usr/share/man --infodir=/usr/share/info --with-bugurl=http://bugzilla.redhat.com/bugzilla --enable-bootstrap --enable-shared --enable-threads=posix --enable-checking=release --with-system-zlib --enable-__cxa_atexit --disable-libunwind-exceptions --enable-gnu-unique-object --enable-linker-build-id --with-linker-hash-style=gnu --enable-languages=c,c++,objc,obj-c++,java,fortran,ada,go,lto --enable-plugin --enable-initfini-array --disable-libgcj --with-isl=/builddir/build/BUILD/gcc-4.8.5-20150702/obj-x86_64-redhat-linux/isl-install --with-cloog=/builddir/build/BUILD/gcc-4.8.5-20150702/obj-x86_64-redhat-linux/cloog-install --enable-gnu-indirect-function --with-tune=generic --with-arch_32=x86-64 --build=x86_64-redhat-linux
Thread model: posix
gcc version 4.8.5 20150623 (Red Hat 4.8.5-36) (GCC) 
configure:3265: $? = 0
configure:3254: gcc -V >&5
gcc: error: unrecognized command line option '-V'
gcc: fatal error: no input files
compilation terminated.
configure:3265: $? = 4
configure:3254: gcc -qversion >&5
gcc: error: unrecognized command line option '-qversion'
gcc: fatal error: no input files
compilation terminated.
configure:3265: $? = 4
configure:3285: checking whether the C compiler works
configure:3307: gcc    conftest.c  >&5
configure:3311: $? = 0
configure:3359: result: yes
configure:3362: checking for C compiler default output file name
configure:3364: result: a.out
configure:3370: checking for suffix of executables
configure:3377: gcc -o conftest    conftest.c  >&5
configure:3381: $? = 0
configure:3403: result: 
configure:3425: checking whether we are cross compiling
configure:3433: gcc -o conftest    conftest.c  >&5
configure:3437: $? = 0
configure:3444: ./conftest
configure:3448: $? = 0
configure:3463: result: no
configure:3468: checking for suffix of object files
configure:3490: gcc -c   conftest.c >&5
configure:3494: $? = 0
configure:3515: result: o
configure:3519: checking whether we are using the GNU C compiler
configure:3538: gcc -c   conftest.c >&5
configure:3538: $? = 0
configure:3547: result: yes
configure:3556: checking whether gcc accepts -g
configure:3576: gcc -c -g  conftest.c >&5
configure:3576: $? = 0
configure:3617: result: yes
configure:3634: checking for gcc option to accept ISO C89
configure:3697: gcc  -c -g -O2  conftest.c >&5
configure:3697: $? = 0
configure:3710: result: none needed
configure:3732: checking dependency style of gcc
configure:3843: result: none
configure:3858: checking for a sed that does not truncate output
configure:3922: result: /bin//sed
configure:3940: checking for grep that handles long lines and -e
configure:3998: result: /bin//grep
configure:4003: checking for egrep
configure:4065: result: /bin//grep -E
configure:4070: checking for fgrep
configure:4132: result: /bin//grep -F
configure:4167: checking for ld used by gcc
configure:4234: result: /bin//ld
configure:4241: checking if the linker (/bin//ld) is GNU ld
configure:4256: result: yes
configure:4268: checking for BSD- or MS-compatible name lister (nm)
configure:4317: result: /bin//nm -B
configure:4447: checking the name lister (/bin//nm -B) interface
configure:4454: gcc -c -g -O2  conftest.c >&5
configure:4457: /bin//nm -B "conftest.o"
configure:4460: output
0000000000000000 B some_variable
configure:4467: result: BSD nm
configure:4470: checking whether ln -s works
configure:4474: result: yes
configure:4482: checking the maximum length of command line arguments
configure:4612: result: 1572864
configure:4629: checking whether the shell understands some XSI constructs
configure:4639: result: yes
configure:4643: checking whether the shell understands "+="
configure:4649: result: yes
configure:4684: checking how to convert x86_64-unknown-linux-gnu file names to x86_64-unknown-linux-gnu format
configure:4724: result: func_convert_file_noop
configure:4731: checking how to convert x86_64-unknown-linux-gnu file names to toolchain format
configure:4751: result: func_convert_file_noop
configure:4758: checking for /bin//ld option to reload object files
configure:4765: result: -r
configure:4839: checking for objdump
configure:4855: found /bin//objdump
configure:4866: result: objdump
configure:4898: checking how to recognize dependent libraries
configure:5100: result: pass_all
configure:5185: checking for dlltool
configure:5215: result: no
configure:5245: checking how to associate runtime and link libraries
configure:5272: result: printf %s\n
configure:5333: checking for ar
configure:5349: found /bin//ar
configure:5360: result: ar
configure:5397: checking for archiver @FILE support
configure:5414: gcc -c -g -O2  conftest.c >&5
configure:5414: $? = 0
configure:5417: ar cru libconftest.a @conftest.lst >&5
configure:5420: $? = 0
configure:5425: ar cru libconftest.a @conftest.lst >&5
ar: conftest.o: No such file or directory
configure:5428: $? = 1
configure:5440: result: @
configure:5498: checking for strip
configure:5514: found /bin//strip
configure:5525: result: strip
configure:5597: checking for ranlib
configure:5613: found /bin//ranlib
configure:5624: result: ranlib
configure:5726: checking command to parse /bin//nm -B output from gcc object
configure:5846: gcc -c -g -O2  conftest.c >&5
configure:5849: $? = 0
configure:5853: /bin//nm -B conftest.o \| sed -n -e 's/^.*[ ]\([ABCDGIRSTW][ABCDGIRSTW]*\)[ ][ ]*\([_A-Za-z][_A-Za-z0-9]*\)$/\1 \2 \2/p' | sed '/ __gnu_lto/d' \> conftest.nm
configure:5856: $? = 0
configure:5922: gcc -o conftest -g -O2   conftest.c conftstm.o >&5
configure:5925: $? = 0
configure:5963: result: ok
configure:6000: checking for sysroot
configure:6030: result: no
configure:6107: gcc -c -g -O2  conftest.c >&5
configure:6110: $? = 0
configure:6286: checking for mt
configure:6316: result: no
configure:6336: checking if : is a manifest tool
configure:6342: : '-?'
configure:6350: result: no
configure:6992: checking how to run the C preprocessor
configure:7023: gcc -E  conftest.c
configure:7023: $? = 0
configure:7037: gcc -E  conftest.c
conftest.c:11:28: fatal error: ac_nonexistent.h: No such file or directory
 #include <ac_nonexistent.h>
                            ^
compilation terminated.
configure:7037: $? = 1
configure: failed program was:
| /* confdefs.h */
| #define PACKAGE_NAME "SRx"
| #define PACKAGE_TARNAME "srx"
| #define PACKAGE_VERSION "0.5.1.0"
| #define PACKAGE_STRING "SRx 0.5.1.0"
| #define PACKAGE_BUGREPORT "bgpsrx-dev@nist.gov"
| #define PACKAGE_URL ""
| #define PACKAGE "srx"
| #define VERSION "0.5.1.0"
| /* end confdefs.h.  */
| #include <ac_nonexistent.h>
configure:7062: result: gcc -E
configure:7082: gcc -E  conftest.c
configure:7082: $? = 0
configure:7096: gcc -E  conftest.c
conftest.c:11:28: fatal error: ac_nonexistent.h: No such file or directory
 #include <ac_nonexistent.h>
                            ^
compilation terminated.
configure:7096: $? = 1
configure: failed program was:
| /* confdefs.h */
| #define PACKAGE_NAME "SRx"
| #define PACKAGE_TARNAME "srx"
| #define PACKAGE_VERSION "0.5.1.0"
| #define PACKAGE_STRING "SRx 0.5.1.0"
| #define PACKAGE_BUGREPORT "bgpsrx-dev@nist.gov"
| #define PACKAGE_URL ""
| #define PACKAGE "srx"
| #define VERSION "0.5.1.0"
| /* end confdefs.h.  */
| #include <ac_nonexistent.h>
configure:7125: checking for ANSI C header files
configure:7145: gcc -c -g -O2  conftest.c >&5
configure:7145: $? = 0
configure:7218: gcc -o conftest -g -O2   conftest.c  >&5
configure:7218: $? = 0
configure:7218: ./conftest
configure:7218: $? = 0
configure:7229: result: yes
configure:7242: checking for sys/types.h
configure:7242: gcc -c -g -O2  conftest.c >&5
configure:7242: $? = 0
configure:7242: result: yes
configure:7242: checking for sys/stat.h
configure:7242: gcc -c -g -O2  conftest.c >&5
configure:7242: $? = 0
configure:7242: result: yes
configure:7242: checking for stdlib.h
configure:7242: gcc -c -g -O2  conftest.c >&5
configure:7242: $? = 0
configure:7242: result: yes
configure:7242: checking for string.h
configure:7242: gcc -c -g -O2  conftest.c >&5
configure:7242: $? = 0
configure:7242: result: yes
configure:7242: checking for memory.h
configure:7242: gcc -c -g -O2  conftest.c >&5
configure:7242: $? = 0
configure:7242: result: yes
configure:7242: checking for strings.h
configure:7242: gcc -c -g -O2  conftest.c >&5
configure:7242: $? = 0
configure:7242: result: yes
configure:7242: checking for inttypes.h
configure:7242: gcc -c -g -O2  conftest.c >&5
configure:7242: $? = 0
configure:7242: result: yes
configure:7242: checking for stdint.h
configure:7242: gcc -c -g -O2  conftest.c >&5
configure:7242: $? = 0
configure:7242: result: yes
configure:7242: checking for unistd.h
configure:7242: gcc -c -g -O2  conftest.c >&5
configure:7242: $? = 0
configure:7242: result: yes
configure:7256: checking for dlfcn.h
configure:7256: gcc -c -g -O2  conftest.c >&5
configure:7256: $? = 0
configure:7256: result: yes
configure:7461: checking for objdir
configure:7476: result: .libs
configure:7747: checking if gcc supports -fno-rtti -fno-exceptions
configure:7765: gcc -c -g -O2  -fno-rtti -fno-exceptions conftest.c >&5
cc1: warning: command line option '-fno-rtti' is valid for C++/ObjC++ but not for C [enabled by default]
configure:7769: $? = 0
configure:7782: result: no
configure:8109: checking for gcc option to produce PIC
configure:8116: result: -fPIC -DPIC
configure:8124: checking if gcc PIC flag -fPIC -DPIC works
configure:8142: gcc -c -g -O2  -fPIC -DPIC -DPIC conftest.c >&5
configure:8146: $? = 0
configure:8159: result: yes
configure:8188: checking if gcc static flag -static works
configure:8216: result: no
configure:8231: checking if gcc supports -c -o file.o
configure:8252: gcc -c -g -O2  -o out/conftest2.o conftest.c >&5
configure:8256: $? = 0
configure:8278: result: yes
configure:8286: checking if gcc supports -c -o file.o
configure:8333: result: yes
configure:8366: checking whether the gcc linker (/bin//ld -m elf_x86_64) supports shared libraries
configure:9519: result: yes
configure:9556: checking whether -lc should be explicitly linked in
configure:9564: gcc -c -g -O2  conftest.c >&5
configure:9567: $? = 0
configure:9582: gcc -shared  -fPIC -DPIC conftest.o  -v -Wl,-soname -Wl,conftest -o conftest 2\>\&1 \| /bin//grep  -lc  \>/dev/null 2\>\&1
configure:9585: $? = 0
configure:9599: result: no
configure:9759: checking dynamic linker characteristics
configure:10270: gcc -o conftest -g -O2   -Wl,-rpath -Wl,/foo conftest.c  >&5
configure:10270: $? = 0
configure:10496: result: GNU/Linux ld.so
configure:10603: checking how to hardcode library paths into programs
configure:10628: result: immediate
configure:10722: checking for shl_load
configure:10722: gcc -o conftest -g -O2   conftest.c  >&5
/tmp/ccT3mbEF.o: In function `main':
/opt/project/gobgp_test/gowork/src/srx_grpc/srx/conftest.c:57: undefined reference to `shl_load'
collect2: error: ld returned 1 exit status
configure:10722: $? = 1
configure: failed program was:
| /* confdefs.h */
| #define PACKAGE_NAME "SRx"
| #define PACKAGE_TARNAME "srx"
| #define PACKAGE_VERSION "0.5.1.0"
| #define PACKAGE_STRING "SRx 0.5.1.0"
| #define PACKAGE_BUGREPORT "bgpsrx-dev@nist.gov"
| #define PACKAGE_URL ""
| #define PACKAGE "srx"
| #define VERSION "0.5.1.0"
| #define STDC_HEADERS 1
| #define HAVE_SYS_TYPES_H 1
| #define HAVE_SYS_STAT_H 1
| #define HAVE_STDLIB_H 1
| #define HAVE_STRING_H 1
| #define HAVE_MEMORY_H 1
| #define HAVE_STRINGS_H 1
| #define HAVE_INTTYPES_H 1
| #define HAVE_STDINT_H 1
| #define HAVE_UNISTD_H 1
| #define HAVE_DLFCN_H 1
| #define LT_OBJDIR ".libs/"
| /* end confdefs.h.  */
| /* Define shl_load to an innocuous variant, in case <limits.h> declares shl_load.
|    For example, HP-UX 11i <limits.h> declares gettimeofday.  */
| #define shl_load innocuous_shl_load
| 
| /* System header to define __stub macros and hopefully few prototypes,
|     which can conflict with char shl_load (); below.
|     Prefer <limits.h> to <assert.h> if __STDC__ is defined, since
|     <limits.h> exists even on freestanding compilers.  */
| 
| #ifdef __STDC__
| # include <limits.h>
| #else
| # include <assert.h>
| #endif
| 
| #undef shl_load
| 
| /* Override any GCC internal prototype to avoid an error.
|    Use char because int might match the return type of a GCC
|    builtin and then its argument prototype would still apply.  */
| #ifdef __cplusplus
| extern "C"
| #endif
| char shl_load ();
| /* The GNU C library defines this for functions which it implements
|     to always fail with ENOSYS.  Some functions are actually named
|     something starting with __ and the normal name is an alias.  */
| #if defined __stub_shl_load || defined __stub___shl_load
| choke me
| #endif
| 
| int
| main ()
| {
| return shl_load ();
|   ;
|   return 0;
| }
configure:10722: result: no
configure:10726: checking for shl_load in -ldld
configure:10751: gcc -o conftest -g -O2   conftest.c -ldld   >&5
/bin/ld: cannot find -ldld
collect2: error: ld returned 1 exit status
configure:10751: $? = 1
configure: failed program was:
| /* confdefs.h */
| #define PACKAGE_NAME "SRx"
| #define PACKAGE_TARNAME "srx"
| #define PACKAGE_VERSION "0.5.1.0"
| #define PACKAGE_STRING "SRx 0.5.1.0"
| #define PACKAGE_BUGREPORT "bgpsrx-dev@nist.gov"
| #define PACKAGE_URL ""
| #define PACKAGE "srx"
| #define VERSION "0.5.1.0"
| #define STDC_HEADERS 1
| #define HAVE_SYS_TYPES_H 1
| #define HAVE_SYS_STAT_H 1
| #define HAVE_STDLIB_H 1
| #define HAVE_STRING_H 1
| #define HAVE_MEMORY_H 1
| #define HAVE_STRINGS_H 1
| #define HAVE_INTTYPES_H 1
| #define HAVE_STDINT_H 1
| #define HAVE_UNISTD_H 1
| #define HAVE_DLFCN_H 1
| #define LT_OBJDIR ".libs/"
| /* end confdefs.h.  */
| 
| /* Override any GCC internal prototype to avoid an error.
|    Use char because int might match the return type of a GCC
|    builtin and then its argument prototype would still apply.  */
| #ifdef __cplusplus
| extern "C"
| #endif
| char shl_load ();
| int
| main ()
| {
| return shl_load ();
|   ;
|   return 0;
| }
configure:10760: result: no
configure:10765: checking for dlopen
configure:10765: gcc -o conftest -g -O2   conftest.c  >&5
/tmp/cc2y4llN.o: In function `main':
/opt/project/gobgp_test/gowork/src/srx_grpc/srx/conftest.c:57: undefined reference to `dlopen'
collect2: error: ld returned 1 exit status
configure:10765: $? = 1
configure: failed program was:
| /* confdefs.h */
| #define PACKAGE_NAME "SRx"
| #define PACKAGE_TARNAME "srx"
| #define PACKAGE_VERSION "0.5.1.0"
| #define PACKAGE_STRING "SRx 0.5.1.0"
| #define PACKAGE_BUGREPORT "bgpsrx-dev@nist.gov"
| #define PACKAGE_URL ""
| #define PACKAGE "srx"
| #define VERSION "0.5.1.0"
| #define STDC_HEADERS 1
| #define HAVE_SYS_TYPES_H 1
| #define HAVE_SYS_STAT_H 1
| #define HAVE_STDLIB_H 1
| #define HAVE_STRING_H 1
| #define HAVE_MEMORY_H 1
| #define HAVE_STRINGS_H 1
| #define HAVE_INTTYPES_H 1
| #define HAVE_STDINT_H 1
| #define HAVE_UNISTD_H 1
| #define HAVE_DLFCN_H 1
| #define LT_OBJDIR ".libs/"
| /* end confdefs.h.  */
| /* Define dlopen to an innocuous variant, in case <limits.h> declares dlopen.
|    For example, HP-UX 11i <limits.h> declares gettimeofday.  */
| #define dlopen innocuous_dlopen
| 
| /* System header to define __stub macros and hopefully few prototypes,
|     which can conflict with char dlopen (); below.
|     Prefer <limits.h> to <assert.h> if __STDC__ is defined, since
|     <limits.h> exists even on freestanding compilers.  */
| 
| #ifdef __STDC__
| # include <limits.h>
| #else
| # include <assert.h>
| #endif
| 
| #undef dlopen
| 
| /* Override any GCC internal prototype to avoid an error.
|    Use char because int might match the return type of a GCC
|    builtin and then its argument prototype would still apply.  */
| #ifdef __cplusplus
| extern "C"
| #endif
| char dlopen ();
| /* The GNU C library defines this for functions which it implements
|     to always fail with ENOSYS.  Some functions are actually named
|     something starting with __ and the normal name is an alias.  */
| #if defined __stub_dlopen || defined __stub___dlopen
| choke me
| #endif
| 
| int
| main ()
| {
| return dlopen ();
|   ;
|   return 0;
| }
configure:10765: result: no
configure:10769: checking for dlopen in -ldl
configure:10794: gcc -o conftest -g -O2   conftest.c -ldl   >&5
configure:10794: $? = 0
configure:10803: result: yes
configure:10922: checking whether a program can dlopen itself
configure:11002: gcc -o conftest -g -O2  -DHAVE_DLFCN_H  -Wl,--export-dynamic conftest.c -ldl  >&5
configure:11005: $? = 0
configure:11023: result: yes
configure:11028: checking whether a statically linked program can dlopen itself
configure:11108: gcc -o conftest -g -O2  -DHAVE_DLFCN_H  -Wl,--export-dynamic  conftest.c -ldl  >&5
configure:11111: $? = 0
configure:11129: result: yes
configure:11168: checking whether stripping libraries is possible
configure:11173: result: yes
configure:11208: checking if libtool supports shared libraries
configure:11210: result: yes
configure:11213: checking whether to build shared libraries
configure:11234: result: yes
configure:11237: checking whether to build static libraries
configure:11241: result: yes
configure:11431: checking that generated files are newer than configure
configure:11437: result: done
configure:11460: creating ./config.status

## ---------------- ##
## Cache variables. ##
## ---------------- ##

ac_cv_build=x86_64-unknown-linux-gnu
ac_cv_c_compiler_gnu=yes
ac_cv_env_CC_set=
ac_cv_env_CC_value=
ac_cv_env_CFLAGS_set=
ac_cv_env_CFLAGS_value=
ac_cv_env_CPPFLAGS_set=
ac_cv_env_CPPFLAGS_value=
ac_cv_env_CPP_set=
ac_cv_env_CPP_value=
ac_cv_env_LDFLAGS_set=
ac_cv_env_LDFLAGS_value=
ac_cv_env_LIBS_set=
ac_cv_env_LIBS_value=
ac_cv_env_build_alias_set=
ac_cv_env_build_alias_value=
ac_cv_env_host_alias_set=
ac_cv_env_host_alias_value=
ac_cv_env_target_alias_set=
ac_cv_env_target_alias_value=
ac_cv_func_dlopen=no
ac_cv_func_shl_load=no
ac_cv_header_dlfcn_h=yes
ac_cv_header_inttypes_h=yes
ac_cv_header_memory_h=yes
ac_cv_header_stdc=yes
ac_cv_header_stdint_h=yes
ac_cv_header_stdlib_h=yes
ac_cv_header_string_h=yes
ac_cv_header_strings_h=yes
ac_cv_header_sys_stat_h=yes
ac_cv_header_sys_types_h=yes
ac_cv_header_unistd_h=yes
ac_cv_host=x86_64-unknown-linux-gnu
ac_cv_lib_dl_dlopen=yes
ac_cv_lib_dld_shl_load=no
ac_cv_objext=o
ac_cv_path_EGREP='/bin//grep -E'
ac_cv_path_FGREP='/bin//grep -F'
ac_cv_path_GREP=/bin//grep
ac_cv_path_SED=/bin//sed
ac_cv_path_install='/bin//install -c'
ac_cv_path_mkdir=/bin//mkdir
ac_cv_prog_AWK=gawk
ac_cv_prog_CPP='gcc -E'
ac_cv_prog_ac_ct_AR=ar
ac_cv_prog_ac_ct_CC=gcc
ac_cv_prog_ac_ct_OBJDUMP=objdump
ac_cv_prog_ac_ct_RANLIB=ranlib
ac_cv_prog_ac_ct_STRIP=strip
ac_cv_prog_cc_c89=
ac_cv_prog_cc_g=yes
ac_cv_prog_make_make_set=yes
am_cv_CC_dependencies_compiler_type=none
am_cv_make_support_nested_variables=yes
lt_cv_ar_at_file=@
lt_cv_archive_cmds_need_lc=no
lt_cv_deplibs_check_method=pass_all
lt_cv_dlopen=dlopen
lt_cv_dlopen_libs=-ldl
lt_cv_dlopen_self=yes
lt_cv_dlopen_self_static=yes
lt_cv_file_magic_cmd='$MAGIC_CMD'
lt_cv_file_magic_test_file=
lt_cv_ld_reload_flag=-r
lt_cv_nm_interface='BSD nm'
lt_cv_objdir=.libs
lt_cv_path_LD=/bin//ld
lt_cv_path_NM='/bin//nm -B'
lt_cv_path_mainfest_tool=no
lt_cv_prog_compiler_c_o=yes
lt_cv_prog_compiler_pic='-fPIC -DPIC'
lt_cv_prog_compiler_pic_works=yes
lt_cv_prog_compiler_rtti_exceptions=no
lt_cv_prog_compiler_static_works=no
lt_cv_prog_gnu_ld=yes
lt_cv_sharedlib_from_linklib_cmd='printf %s\n'
lt_cv_shlibpath_overrides_runpath=no
lt_cv_sys_global_symbol_pipe='sed -n -e '\''s/^.*[	 ]\([ABCDGIRSTW][ABCDGIRSTW]*\)[	 ][	 ]*\([_A-Za-z][_A-Za-z0-9]*\)$/\1 \2 \2/p'\'' | sed '\''/ __gnu_lto/d'\'''
lt_cv_sys_global_symbol_to_c_name_address='sed -n -e '\''s/^: \([^ ]*\)[ ]*$/  {\"\1\", (void *) 0},/p'\'' -e '\''s/^[ABCDGIRSTW]* \([^ ]*\) \([^ ]*\)$/  {"\2", (void *) \&\2},/p'\'''
lt_cv_sys_global_symbol_to_c_name_address_lib_prefix='sed -n -e '\''s/^: \([^ ]*\)[ ]*$/  {\"\1\", (void *) 0},/p'\'' -e '\''s/^[ABCDGIRSTW]* \([^ ]*\) \(lib[^ ]*\)$/  {"\2", (void *) \&\2},/p'\'' -e '\''s/^[ABCDGIRSTW]* \([^ ]*\) \([^ ]*\)$/  {"lib\2", (void *) \&\2},/p'\'''
lt_cv_sys_global_symbol_to_cdecl='sed -n -e '\''s/^T .* \(.*\)$/extern int \1();/p'\'' -e '\''s/^[ABCDGIRSTW]* .* \(.*\)$/extern char \1;/p'\'''
lt_cv_sys_max_cmd_len=1572864
lt_cv_to_host_file_cmd=func_convert_file_noop
lt_cv_to_tool_file_cmd=func_convert_file_noop

## ----------------- ##
## Output variables. ##
## ----------------- ##

ACLOCAL='aclocal-1.13'
AMDEPBACKSLASH='\'
AMDEP_FALSE='#'
AMDEP_TRUE=''
AMTAR='$${TAR-tar}'
AM_BACKSLASH='\'
AM_DEFAULT_V='$(AM_DEFAULT_VERBOSITY)'
AM_DEFAULT_VERBOSITY='1'
AM_V='$(V)'
AR='ar'
AUTOCONF='autoconf'
AUTOHEADER='autoheader'
AUTOMAKE='automake-1.13'
AWK='gawk'
CC='gcc'
CCDEPMODE='depmode=none'
CFLAGS='-g -O2'
CPP='gcc -E'
CPPFLAGS=''
CYGPATH_W='echo'
DEFS='-DPACKAGE_NAME=\"SRx\" -DPACKAGE_TARNAME=\"srx\" -DPACKAGE_VERSION=\"0.5.1.0\" -DPACKAGE_STRING=\"SRx\ 0.5.1.0\" -DPACKAGE_BUGREPORT=\"bgpsrx-dev@nist.gov\" -DPACKAGE_URL=\"\" -DPACKAGE=\"srx\" -DVERSION=\"0.5.1.0\" -DSTDC_HEADERS=1 -DHAVE_SYS_TYPES_H=1 -DHAVE_SYS_STAT_H=1 -DHAVE_STDLIB_H=1 -DHAVE_STRING_H=1 -DHAVE_MEMORY_H=1 -DHAVE_STRINGS_H=1 -DHAVE_INTTYPES_H=1 -DHAVE_STDINT_H=1 -DHAVE_UNISTD_H=1 -DHAVE_DLFCN_H=1 -DLT_OBJDIR=\".libs/\"'
DEPDIR='.deps'
DLLTOOL='false'
DSYMUTIL=''
DUMPBIN=''
ECHO_C=''
ECHO_N='-n'
ECHO_T=''
EGREP='/bin//grep -E'
EXEEXT=''
FGREP='/bin//grep -F'
GREP='/bin//grep'
INSTALL_DATA='${INSTALL} -m 644'
INSTALL_PROGRAM='${INSTALL}'
INSTALL_SCRIPT='${INSTALL}'
INSTALL_STRIP_PROGRAM='$(install_sh) -c -s'
LD='/bin//ld -m elf_x86_64'
LDFLAGS=''
LIBOBJS=''
LIBS=''
LIBTOOL='$(SHELL) $(top_builddir)/libtool'
LIPO=''
LN_S='ln -s'
LTLIBOBJS=''
MAKEINFO='makeinfo'
MANIFEST_TOOL=':'
MKDIR_P='/bin//mkdir -p'
NM='/bin//nm -B'
NMEDIT=''
OBJDUMP='objdump'
OBJEXT='o'
OTOOL64=''
OTOOL=''
PACKAGE='srx'
PACKAGE_BUGREPORT='bgpsrx-dev@nist.gov'
PACKAGE_NAME='SRx'
PACKAGE_STRING='SRx 0.5.1.0'
PACKAGE_TARNAME='srx'
PACKAGE_URL=''
PACKAGE_VERSION='0.5.1.0'
PATH_SEPARATOR=':'
RANLIB='ranlib'
SED='/bin//sed'
SET_MAKE=''
SHELL='/bin/sh'
STRIP='strip'
VERSION='0.5.1.0'
ac_ct_AR='ar'
ac_ct_CC='gcc'
ac_ct_DUMPBIN=''
am__EXEEXT_FALSE=''
am__EXEEXT_TRUE='#'
am__fastdepCC_FALSE=''
am__fastdepCC_TRUE='#'
am__include='include'
am__isrc=''
am__leading_dot='.'
am__nodep='_no'
am__quote=''
am__tar='$${TAR-tar} chof - "$$tardir"'
am__untar='$${TAR-tar} xf -'
bindir='${exec_prefix}/bin'
build='x86_64-unknown-linux-gnu'
build_alias=''
build_cpu='x86_64'
build_os='linux-gnu'
build_vendor='unknown'
datadir='${datarootdir}'
datarootdir='${prefix}/share'
docdir='${datarootdir}/doc/${PACKAGE_TARNAME}'
dvidir='${docdir}'
exec_prefix='${prefix}'
host='x86_64-unknown-linux-gnu'
host_alias=''
host_cpu='x86_64'
host_os='linux-gnu'
host_vendor='unknown'
htmldir='${docdir}'
includedir='${prefix}/include'
infodir='${datarootdir}/info'
install_sh='${SHELL} /opt/project/gobgp_test/gowork/src/srx_grpc/srx/install-sh'
libdir='${exec_prefix}/lib'
libexecdir='${exec_prefix}/libexec'
localedir='${datarootdir}/locale'
localstatedir='${prefix}/var'
mandir='${datarootdir}/man'
mkdir_p='$(MKDIR_P)'
oldincludedir='/usr/include'
pdfdir='${docdir}'
prefix='/opt/project/gobgp_test/gowork/src/srx_grpc/srx/test_install'
program_transform_name='s,x,x,'
psdir='${docdir}'
sbindir='${exec_prefix}/sbin'
sharedstatedir='${prefix}/com'
subdirs=' src'
sysconfdir='${prefix}/etc'
target_alias=''

## ----------- ##
## confdefs.h. ##
## ----------- ##

/* confdefs.h */
#define PACKAGE_NAME "SRx"
#define PACKAGE_TARNAME "srx"
#define PACKAGE_VERSION "0.5.1.0"
#define PACKAGE_STRING "SRx 0.5.1.0"
#define PACKAGE_BUGREPORT "bgpsrx-dev@nist.gov"
#define PACKAGE_URL ""
#define PACKAGE "srx"
#define VERSION "0.5.1.0"
#define STDC_HEADERS 1
#define HAVE_SYS_TYPES_H 1
#define HAVE_SYS_STAT_H 1
#define HAVE_STDLIB_H 1
#define HAVE_STRING_H 1
#define HAVE_MEMORY_H 1
#define HAVE_STRINGS_H 1
#define HAVE_INTTYPES_H 1
#define HAVE_STDINT_H 1
#define HAVE_UNISTD_H 1
#define HAVE_DLFCN_H 1
#define LT_OBJDIR ".libs/"

configure: exit 0

## ---------------------- ##
## Running config.status. ##
## ---------------------- ##

This file was extended by SRx config.status 0.5.1.0, which was
generated by GNU Autoconf 2.69.  Invocation command line was

  CONFIG_FILES    = 
  CONFIG_HEADERS  = 
  CONFIG_LINKS    = 
  CONFIG_COMMANDS = 
  $ ./config.status 

on vmware-005.antd.nist.gov

config.status:1003: creating Makefile
config.status:1175: executing depfiles commands
config.status:1175: executing libtool commands
